"../../../Engine/Content/EditorBlueprintResources/StandardMacros.uasset" 0
"../../../Engine/Content/Functions/Engine_MaterialFunctions01/Gradient/LinearGradient.uasset" 1
"../../../Engine/Plugins/2D/Paper2D/Content/PlaceholderTextures/DummySpriteTexture.uasset" 2
"../../../Engine/Plugins/2D/Paper2D/Content/DummySpriteTexture.uasset" 3
"../../../CustomGravityProject/Content/Materials/CharacterSpriteMaterial.uasset" 4
"../../../CustomGravityProject/Content/Materials/MyCharacterMat.uasset" 5
"../../../CustomGravityProject/Content/2DAssets/Character/Jump/Jumping.uasset" 6
"../../../CustomGravityProject/Content/2DAssets/Character/Fall/Falling_1.uasset" 7
"../../../CustomGravityProject/Content/2DAssets/Character/Fall/Falling_2.uasset" 8
"../../../CustomGravityProject/Content/2DAssets/Character/Fall/Falling_3.uasset" 9
"../../../CustomGravityProject/Content/2DAssets/Character/Fall/Falling_4.uasset" 10
"../../../CustomGravityProject/Content/2DAssets/Character/Fall/FallingFlipbook.uasset" 11
"../../../CustomGravityProject/Content/2DAssets/Character/Idle/2DCharacter_IdleAnimAtlas.uasset" 12
"../../../CustomGravityProject/Content/2DAssets/Character/Idle/2DCharacter_IdleAnimAtlas_Sprite.uasset" 13
"../../../CustomGravityProject/Content/2DAssets/Character/Idle/2DCharacter_IdleAnimAtlas_Sprite2.uasset" 14
"../../../CustomGravityProject/Content/2DAssets/Character/Idle/2DCharacter_IdleAnimAtlas_Sprite3.uasset" 15
"../../../CustomGravityProject/Content/2DAssets/Character/Idle/2DCharacter_IdleAnimAtlas_Sprite4.uasset" 16
"../../../CustomGravityProject/Content/2DAssets/Character/Idle/2DCharacter_IdleAnimAtlas_Sprite5.uasset" 17
"../../../CustomGravityProject/Content/2DAssets/Character/Idle/2DCharacter_IdleAnimAtlas_Sprite6.uasset" 18
"../../../CustomGravityProject/Content/2DAssets/Character/Idle/2DCharacter_IdleAnimAtlas_Sprite7.uasset" 19
"../../../CustomGravityProject/Content/2DAssets/Character/Idle/2DCharacter_IdleAnimAtlas_Sprite8.uasset" 20
"../../../CustomGravityProject/Content/2DAssets/Character/Idle/IdleFlipbook.uasset" 21
"../../../CustomGravityProject/Content/2DAssets/Character/Run/2DCharacter_RunAnimAtlas.uasset" 22
"../../../CustomGravityProject/Content/2DAssets/Character/Run/2DCharacter_RunAnimAtlas_Sprite.uasset" 23
"../../../CustomGravityProject/Content/2DAssets/Character/Run/2DCharacter_RunAnimAtlas_Sprite10.uasset" 24
"../../../CustomGravityProject/Content/2DAssets/Character/Run/2DCharacter_RunAnimAtlas_Sprite11.uasset" 25
"../../../CustomGravityProject/Content/2DAssets/Character/Run/2DCharacter_RunAnimAtlas_Sprite12.uasset" 26
"../../../CustomGravityProject/Content/2DAssets/Character/Run/2DCharacter_RunAnimAtlas_Sprite13.uasset" 27
"../../../CustomGravityProject/Content/2DAssets/Character/Run/2DCharacter_RunAnimAtlas_Sprite14.uasset" 28
"../../../CustomGravityProject/Content/2DAssets/Character/Run/2DCharacter_RunAnimAtlas_Sprite15.uasset" 29
"../../../CustomGravityProject/Content/2DAssets/Character/Run/2DCharacter_RunAnimAtlas_Sprite16.uasset" 30
"../../../CustomGravityProject/Content/2DAssets/Character/Run/2DCharacter_RunAnimAtlas_Sprite2.uasset" 31
"../../../CustomGravityProject/Content/2DAssets/Character/Run/2DCharacter_RunAnimAtlas_Sprite3.uasset" 32
"../../../CustomGravityProject/Content/2DAssets/Character/Run/2DCharacter_RunAnimAtlas_Sprite4.uasset" 33
"../../../CustomGravityProject/Content/2DAssets/Character/Run/2DCharacter_RunAnimAtlas_Sprite5.uasset" 34
"../../../CustomGravityProject/Content/2DAssets/Character/Run/2DCharacter_RunAnimAtlas_Sprite6.uasset" 35
"../../../CustomGravityProject/Content/2DAssets/Character/Run/2DCharacter_RunAnimAtlas_Sprite7.uasset" 36
"../../../CustomGravityProject/Content/2DAssets/Character/Run/2DCharacter_RunAnimAtlas_Sprite8.uasset" 37
"../../../CustomGravityProject/Content/2DAssets/Character/Run/2DCharacter_RunAnimAtlas_Sprite9.uasset" 38
"../../../CustomGravityProject/Content/2DAssets/Character/Run/RunningFlipbook.uasset" 39
"../../../CustomGravityProject/Content/Assets/PhysicalMaterials/Character_PM.uasset" 40
"../../../CustomGravityProject/Content/Blueprints/Pawns/2DCharacter_BP.uasset" 41
"../../../CustomGravityProject/Content/Blueprints/2DGameMode_BP.uasset" 42
"../../../Engine/Plugins/2D/Paper2D/Content/DefaultSpriteMaterial.uasset" 43
"../../../Engine/Plugins/2D/Paper2D/Content/TranslucentUnlitSpriteMaterial.uasset" 44
"../../../CustomGravityProject/Content/2DAssets/Vortex.uasset" 45
"../../../CustomGravityProject/Content/2DAssets/Vortex_Sprite.uasset" 46
"../../../CustomGravityProject/Content/Blueprints/Actors/2DExitPoint_BP.uasset" 47
"../../../CustomGravityProject/Content/2DAssets/Arrows.uasset" 48
"../../../CustomGravityProject/Content/2DAssets/Arrows_Mat.uasset" 49
"../../../CustomGravityProject/Content/2DAssets/SM_Shape_Plane.uasset" 50
"../../../CustomGravityProject/Content/Blueprints/Enums/2DGravityDirection_Enum.uasset" 51
"../../../CustomGravityProject/Content/Blueprints/Actors/2DGravitySwitcher_BP.uasset" 52
"../../../CustomGravityProject/Content/2DAssets/Door.uasset" 53
"../../../CustomGravityProject/Content/2DAssets/Door_Sprite.uasset" 54
"../../../CustomGravityProject/Content/Blueprints/Actors/2DStartPoint_BP.uasset" 55
"../../../Engine/Content/Functions/Engine_MaterialFunctions01/Opacity/CameraDepthFade.uasset" 56
"../../../Engine/Content/EngineMaterials/T_Default_Material_Grid_M.uasset" 57
"../../../Engine/Content/EngineMaterials/T_Default_Material_Grid_N.uasset" 58
"../../../Engine/Content/EngineMaterials/WorldGridMaterial.uasset" 59
"../../../CustomGravityProject/Content/2DAssets/Box.uasset" 60
"../../../CustomGravityProject/Content/2DAssets/Box_Sprite.uasset" 61
"../../../CustomGravityProject/Content/2DAssets/Box_TileSet.uasset" 62
"../../../CustomGravityProject/Content/2DAssets/Box_TileMap.uasset" 63
"../../../CustomGravityProject/Content/2DAssets/Box_TileMap2.uasset" 64
"../../../CustomGravityProject/Content/Maps/2DGravity_Map.umap" 65
"../../../Engine/Content/Functions/Engine_MaterialFunctions02/Utility/BlendAngleCorrectedNormals.uasset" 66
"../../../Engine/Content/Functions/MaterialLayerFunctions/MatLayerBlend_NormalBlend.uasset" 67
"../../../Engine/Content/Functions/MaterialLayerFunctions/MatLayerBlend_Simple.uasset" 68
"../../../CustomGravityProject/Content/Assets/FirstPerson/Character/Materials/MaterialLayers/T_ML_Rubber_Blue_01_D.uasset" 69
"../../../CustomGravityProject/Content/Assets/FirstPerson/Character/Materials/MaterialLayers/T_ML_Rubber_Blue_01_N.uasset" 70
"../../../CustomGravityProject/Content/Assets/FirstPerson/Character/Materials/MaterialLayers/ML_GlossyBlack_Latex_UE4.uasset" 71
"../../../CustomGravityProject/Content/Assets/FirstPerson/Character/Materials/MaterialLayers/ML_Plastic_Shiny_Beige.uasset" 72
"../../../CustomGravityProject/Content/Assets/FirstPerson/Character/Textures/UE4_LOGO_CARD.uasset" 73
"../../../CustomGravityProject/Content/Assets/FirstPerson/Character/Materials/MaterialLayers/ML_Plastic_Shiny_Beige_LOGO.uasset" 74
"../../../CustomGravityProject/Content/Assets/FirstPerson/Character/Materials/MaterialLayers/T_ML_Aluminum01.uasset" 75
"../../../CustomGravityProject/Content/Assets/FirstPerson/Character/Materials/MaterialLayers/T_ML_Aluminum01_N.uasset" 76
"../../../CustomGravityProject/Content/Assets/FirstPerson/Character/Materials/MaterialLayers/ML_SoftMetal_UE4.uasset" 77
"../../../CustomGravityProject/Content/Assets/FirstPerson/Character/Textures/UE4_Mannequin__normals.uasset" 78
"../../../CustomGravityProject/Content/Assets/FirstPerson/Character/Textures/UE4_Mannequin_MAT_MASKA.uasset" 79
"../../../CustomGravityProject/Content/Assets/FirstPerson/Character/Materials/M_UE4Man_Body.uasset" 80
"../../../CustomGravityProject/Content/Assets/FirstPerson/Character/Mesh/SK_Mannequin_Arms_PhysicsAsset.uasset" 81
"../../../CustomGravityProject/Content/Assets/FirstPerson/Character/Mesh/SK_Mannequin_Arms.uasset" 82
"../../../CustomGravityProject/Content/Assets/FirstPerson/Character/Mesh/SK_Mannequin_Arms_Skeleton.uasset" 83
"../../../CustomGravityProject/Content/Assets/FirstPerson/Animations/FirstPerson_Idle.uasset" 84
"../../../CustomGravityProject/Content/Assets/FirstPerson/Animations/FirstPerson_JumpEnd.uasset" 85
"../../../CustomGravityProject/Content/Assets/FirstPerson/Animations/FirstPerson_JumpLoop.uasset" 86
"../../../CustomGravityProject/Content/Assets/FirstPerson/Animations/FirstPerson_JumpStart.uasset" 87
"../../../CustomGravityProject/Content/Assets/FirstPerson/Animations/FirstPerson_Run.uasset" 88
"../../../CustomGravityProject/Content/Assets/FirstPerson/Animations/FirstPerson_AnimBP.uasset" 89
"../../../CustomGravityProject/Content/Assets/FirstPerson/Animations/FirstPerson_Fire.uasset" 90
"../../../CustomGravityProject/Content/Assets/FirstPerson/Animations/FirstPersonFire_Montage.uasset" 91
"../../../CustomGravityProject/Content/Assets/FirstPerson/Meshes/BaseMaterial.uasset" 92
"../../../CustomGravityProject/Content/Assets/FirstPerson/Meshes/FirstPersonProjectileMaterial.uasset" 93
"../../../CustomGravityProject/Content/Assets/FirstPerson/Meshes/FirstPersonProjectileMesh.uasset" 94
"../../../CustomGravityProject/Content/Blueprints/Actors/FirstPersonProjectile.uasset" 95
"../../../CustomGravityProject/Content/Assets/FirstPerson/Audio/FirstPersonTemplateWeaponFire02.uasset" 96
"../../../CustomGravityProject/Content/Assets/FirstPerson/FPWeapon/Materials/MaterialLayers/T_ML_Rubber_Blue_01_D.uasset" 97
"../../../CustomGravityProject/Content/Assets/FirstPerson/FPWeapon/Materials/MaterialLayers/T_ML_Rubber_Blue_01_N.uasset" 98
"../../../CustomGravityProject/Content/Assets/FirstPerson/FPWeapon/Materials/MaterialLayers/ML_GlossyBlack_Latex_UE4.uasset" 99
"../../../CustomGravityProject/Content/Assets/FirstPerson/FPWeapon/Materials/MaterialLayers/ML_Plastic_Shiny_Beige.uasset" 100
"../../../CustomGravityProject/Content/Assets/FirstPerson/FPWeapon/Materials/MaterialLayers/ML_Screen.uasset" 101
"../../../CustomGravityProject/Content/Assets/FirstPerson/FPWeapon/Materials/MaterialLayers/T_ML_Aluminum01.uasset" 102
"../../../CustomGravityProject/Content/Assets/FirstPerson/FPWeapon/Materials/MaterialLayers/T_ML_Aluminum01_N.uasset" 103
"../../../CustomGravityProject/Content/Assets/FirstPerson/FPWeapon/Materials/MaterialLayers/ML_SoftMetal_UE4.uasset" 104
"../../../CustomGravityProject/Content/Assets/FirstPerson/FPWeapon/Textures/T_FPGun_M.uasset" 105
"../../../CustomGravityProject/Content/Assets/FirstPerson/FPWeapon/Textures/T_FPGun_N.uasset" 106
"../../../CustomGravityProject/Content/Assets/FirstPerson/FPWeapon/Materials/M_FPGun.uasset" 107
"../../../CustomGravityProject/Content/Assets/FirstPerson/FPWeapon/Mesh/SK_FPGun_Skeleton.uasset" 108
"../../../CustomGravityProject/Content/Assets/FirstPerson/FPWeapon/Mesh/SK_FPGun.uasset" 109
"../../../CustomGravityProject/Content/Assets/FirstPerson/Textures/FirstPersonCrosshair.uasset" 110
"../../../CustomGravityProject/Content/Blueprints/Widgets/FirstPersonCrosshair_WG.uasset" 111
"../../../CustomGravityProject/Content/Blueprints/Pawns/FirstPersonCharacter_BP.uasset" 112
"../../../Engine/Content/EngineSky/C_Sky_Cloud_Color.uasset" 113
"../../../Engine/Content/EngineSky/C_Sky_Horizon_Color.uasset" 114
"../../../Engine/Content/EngineSky/C_Sky_Zenith_Color.uasset" 115
"../../../Engine/Content/EngineSky/T_Sky_Blue.uasset" 116
"../../../Engine/Content/EngineSky/T_Sky_Clouds_M.uasset" 117
"../../../Engine/Content/EngineSky/T_Sky_Stars.uasset" 118
"../../../Engine/Content/EngineSky/SM_SkySphere.uasset" 119
"../../../Engine/Content/EngineSky/M_Sky_Panning_Clouds2.uasset" 120
"../../../Engine/Content/EngineSky/BP_Sky_Sphere.uasset" 121
"../../../CustomGravityProject/Content/Assets/Rolling/Materials/BaseMaterial.uasset" 122
"../../../CustomGravityProject/Content/Assets/Rolling/Materials/OrangeMetalMaterial.uasset" 123
"../../../CustomGravityProject/Content/Assets/Geometry/Meshes/1M_Cube_Chamfer.uasset" 124
"../../../CustomGravityProject/Content/Blueprints/Actors/CustomPhysicsActor_BP.uasset" 125
"../../../Engine/Content/Functions/Engine_MaterialFunctions02/Fresnel_Function.uasset" 126
"../../../CustomGravityProject/Content/Assets/Environment/Textures/T_BrushStrokes_B.uasset" 127
"../../../CustomGravityProject/Content/Assets/Environment/Materials/M_Tree_Background2.uasset" 128
"../../../CustomGravityProject/Content/Assets/Geometry/Meshes/Ball2.uasset" 129
"../../../CustomGravityProject/Content/Blueprints/Actors/PlanetActor_BP.uasset" 130
"../../../CustomGravityProject/Content/Assets/ThirdPerson/Mannequin/Character/Materials/MaterialLayers/T_ML_Rubber_Blue_01_D.uasset" 131
"../../../CustomGravityProject/Content/Assets/ThirdPerson/Mannequin/Character/Materials/MaterialLayers/T_ML_Rubber_Blue_01_N.uasset" 132
"../../../CustomGravityProject/Content/Assets/ThirdPerson/Mannequin/Character/Materials/MaterialLayers/ML_GlossyBlack_Latex_UE4.uasset" 133
"../../../CustomGravityProject/Content/Assets/ThirdPerson/Mannequin/Character/Materials/MaterialLayers/ML_Plastic_Shiny_Beige.uasset" 134
"../../../CustomGravityProject/Content/Assets/ThirdPerson/Mannequin/Character/Textures/UE4_LOGO_CARD.uasset" 135
"../../../CustomGravityProject/Content/Assets/ThirdPerson/Mannequin/Character/Materials/MaterialLayers/ML_Plastic_Shiny_Beige_LOGO.uasset" 136
"../../../CustomGravityProject/Content/Assets/ThirdPerson/Mannequin/Character/Materials/MaterialLayers/T_ML_Aluminum01.uasset" 137
"../../../CustomGravityProject/Content/Assets/ThirdPerson/Mannequin/Character/Materials/MaterialLayers/T_ML_Aluminum01_N.uasset" 138
"../../../CustomGravityProject/Content/Assets/ThirdPerson/Mannequin/Character/Materials/MaterialLayers/ML_SoftMetal_UE4.uasset" 139
"../../../CustomGravityProject/Content/Assets/ThirdPerson/Mannequin/Character/Textures/UE4_Mannequin__normals.uasset" 140
"../../../CustomGravityProject/Content/Assets/ThirdPerson/Mannequin/Character/Textures/UE4_Mannequin_MAT_MASKA.uasset" 141
"../../../CustomGravityProject/Content/Assets/ThirdPerson/Mannequin/Character/Materials/M_UE4Man_Body.uasset" 142
"../../../CustomGravityProject/Content/Assets/ThirdPerson/Mannequin/Character/Textures/UE4Man_Logo_N.uasset" 143
"../../../CustomGravityProject/Content/Assets/ThirdPerson/Mannequin/Character/Materials/M_UE4Man_ChestLogo.uasset" 144
"../../../CustomGravityProject/Content/Assets/ThirdPerson/Mannequin/Character/Mesh/SK_Mannequin.uasset" 145
"../../../CustomGravityProject/Content/Assets/ThirdPerson/Mannequin/Character/Mesh/UE4_Mannequin_Skeleton.uasset" 146
"../../../CustomGravityProject/Content/Assets/ThirdPerson/Mannequin/Animations/ThirdPerson_Jump.uasset" 147
"../../../CustomGravityProject/Content/Assets/ThirdPerson/Mannequin/Animations/ThirdPersonJump_Loop.uasset" 148
"../../../CustomGravityProject/Content/Assets/ThirdPerson/Mannequin/Animations/ThirdPersonJump_Start.uasset" 149
"../../../CustomGravityProject/Content/Assets/ThirdPerson/Mannequin/Animations/ThirdPersonIdle.uasset" 150
"../../../CustomGravityProject/Content/Assets/ThirdPerson/Mannequin/Animations/ThirdPersonRun.uasset" 151
"../../../CustomGravityProject/Content/Assets/ThirdPerson/Mannequin/Animations/ThirdPersonWalk.uasset" 152
"../../../CustomGravityProject/Content/Assets/ThirdPerson/Mannequin/Animations/ThirdPerson_IdleRun_2D.uasset" 153
"../../../CustomGravityProject/Content/Assets/ThirdPerson/Mannequin/Animations/ThirdPerson_AnimBP.uasset" 154
"../../../CustomGravityProject/Content/Blueprints/Pawns/ThirdPersonCharacter_BP.uasset" 155
"../../../CustomGravityProject/Content/Blueprints/GameMode_BP.uasset" 156
"../../../Engine/Content/Functions/Engine_MaterialFunctions02/Texturing/WorldPositionWithScale.uasset" 157
"../../../Engine/Content/Functions/Engine_MaterialFunctions03/Particles/Distance_Blend.uasset" 158
"../../../CustomGravityProject/Content/Assets/Environment/Textures/T_Wood_Sheet.uasset" 159
"../../../CustomGravityProject/Content/Assets/Environment/Materials/M_Wood_Sheet_Master.uasset" 160
"../../../CustomGravityProject/Content/Assets/Environment/Meshes/SM_Dock_Floor.uasset" 161
"../../../CustomGravityProject/Content/Assets/Environment/Materials/M_Wood_Sheet_Pillar_Inst.uasset" 162
"../../../CustomGravityProject/Content/Assets/Environment/Materials/M_Wood_Sheet_Rings_Inst.uasset" 163
"../../../CustomGravityProject/Content/Assets/Environment/Meshes/SM_Dock_Pillar.uasset" 164
"../../../CustomGravityProject/Content/Assets/Environment/Materials/M_Tree_Background.uasset" 165
"../../../CustomGravityProject/Content/Assets/Environment/Materials/M_Tree_Background_Inst.uasset" 166
"../../../CustomGravityProject/Content/Assets/Environment/Textures/T_BrushStrokes_A.uasset" 167
"../../../CustomGravityProject/Content/Assets/Environment/Materials/M_Tree_Bark_A.uasset" 168
"../../../CustomGravityProject/Content/Assets/Environment/Materials/M_Tree_Bark_A_Inst.uasset" 169
"../../../CustomGravityProject/Content/Assets/Environment/Meshes/SM_Tree_Cluster_A.uasset" 170
"../../../CustomGravityProject/Content/Maps/PlanetGravity_Map.umap" 171
"../../../Engine/Content/EngineMaterials/DefaultMaterial.uasset" 172
"../../../Engine/Content/EngineMaterials/DefaultDiffuse.uasset" 173
"../../../Engine/Content/EngineMaterials/DefaultNormal.uasset" 174
"../../../Engine/Content/Maps/Entry.umap" 175
"../../../CustomGravityProject/Content/Blueprints/Widgets/StartMenu_WG.uasset" 176
"../../../CustomGravityProject/Content/Maps/Start_Map.umap" 177
"../../../CustomGravityProject/Content/Assets/Geometry/Meshes/1M_Cube2.uasset" 178
"../../../CustomGravityProject/Content/Assets/Geometry/Meshes/1M_Cube2_DM.uasset" 179
"../../../CustomGravityProject/Content/Assets/Materials/T_DEV_Floor_D.uasset" 180
"../../../CustomGravityProject/Content/Assets/Materials/M_Dev_Mockup_Master.uasset" 181
"../../../CustomGravityProject/Content/Assets/Materials/M_Dev_Mockup_Inst.uasset" 182
"../../../CustomGravityProject/Content/Assets/Materials/M_Dev_Mockup_Inst2.uasset" 183
"../../../CustomGravityProject/Content/Assets/Materials/M_Dev_Mockup_Inst4.uasset" 184
"../../../CustomGravityProject/Content/Assets/Materials/M_Dev_Mockup_Inst5.uasset" 185
"../../../CustomGravityProject/Content/Assets/Rolling/Materials/GrayMaterial.uasset" 186
"../../../CustomGravityProject/Content/Assets/Rolling/Materials/GrayMetalMaterial.uasset" 187
"../../../CustomGravityProject/Content/Assets/Geometry/Meshes/Hemisphere.uasset" 188
"../../../CustomGravityProject/Content/Assets/Geometry/Meshes/Loop.uasset" 189
"../../../CustomGravityProject/Content/Assets/Geometry/Meshes/Pyramid.uasset" 190
"../../../CustomGravityProject/Content/Assets/Geometry/Meshes/TemplateFloor.uasset" 191
"../../../CustomGravityProject/Content/Assets/Geometry/Meshes/Torus.uasset" 192
"../../../CustomGravityProject/Content/Maps/SurfaceGravity_Map.umap" 193
"../../../CustomGravityProject/Content/Assets/Materials/M_Dev_Mockup_Inst3.uasset" 194
"../../../CustomGravityProject/Content/Assets/Materials/M_Dev_Mockup_Inst6.uasset" 195
"../../../CustomGravityProject/Content/Blueprints/Widgets/GravityRoom_WG.uasset" 196
"../../../CustomGravityProject/Content/Maps/GravityRoom_Map.umap" 197
"../../../CustomGravityProject/Content/Assets/GravityDash/Textures/th_BlueCrossHair.uasset" 198
"../../../CustomGravityProject/Content/Blueprints/Widgets/GravityDash_WG.uasset" 199
"../../../CustomGravityProject/Content/Blueprints/Pawns/GravityDash_Pawn.uasset" 200
"../../../CustomGravityProject/Content/Blueprints/GravityDash_GameMode.uasset" 201
"../../../CustomGravityProject/Content/Assets/GravityDash/City.uasset" 202
"../../../CustomGravityProject/Content/Maps/GravityDash_Map.umap" 203
"../../../Engine/Content/EngineFonts/Roboto.uasset" 204
"../../../Engine/Content/Functions/Engine_MaterialFunctions01/Shading/PowerToRoughness.uasset" 205
"../../../Engine/Content/Functions/Engine_MaterialFunctions01/Shading/ConvertFromDiffSpec.uasset" 206
"../../../Engine/Content/EngineMaterials/DefaultDeferredDecalMaterial.uasset" 207
"../../../Engine/Content/EngineMaterials/DefaultLightFunctionMaterial.uasset" 208
"../../../Engine/Content/Functions/Engine_MaterialFunctions02/Utility/BreakOutFloat2Components.uasset" 209
"../../../Engine/Content/EngineMaterials/DefaultPostProcessMaterial.uasset" 210
"../../../Engine/Content/EngineResources/DefaultTexture.uasset" 211
"../../../Engine/Content/Functions/Engine_MaterialFunctions02/Texturing/ScreenAlignedUVs.uasset" 212
"../../../Engine/Content/EngineResources/WhiteSquareTexture.uasset" 213
"../../../Engine/Content/EngineMaterials/Widget3DPassThrough.uasset" 214
"../../../Engine/Content/EngineMaterials/Widget3DPassThrough_Translucent.uasset" 215
"../../../Engine/Content/EngineMaterials/Widget3DPassThrough_Translucent_OneSided.uasset" 216
"../../../Engine/Content/EngineMaterials/Widget3DPassThrough_Opaque.uasset" 217
"../../../Engine/Content/EngineMaterials/Widget3DPassThrough_Opaque_OneSided.uasset" 218
"../../../Engine/Content/EngineMaterials/Widget3DPassThrough_Masked.uasset" 219
"../../../Engine/Content/EngineMaterials/Widget3DPassThrough_Masked_OneSided.uasset" 220
"../../../Engine/Content/EditorResources/S_Actor.uasset" 221
"../../../Engine/Content/Maps/Templates/Thumbnails/Default.uasset" 222
"../../../Engine/Content/EditorMaterials/ParticleSystems/PSysThumbnail_NoImage.uasset" 223
"../../../Engine/Content/EditorMaterials/ParticleSystems/PSysThumbnail_OOD.uasset" 224
"../../../Engine/Content/EditorLandscapeResources/DataLayer.uasset" 225
"../../../Engine/Content/EngineDamageTypes/DmgTypeBP_Environmental.uasset" 226
"../../../Engine/Content/EngineMeshes/Sphere.uasset" 227
"../../../Engine/Content/EngineFonts/RobotoDistanceField.uasset" 228
"../../../Engine/Content/EngineMaterials/DefaultTextMaterialOpaque.uasset" 229
"../../../Engine/Content/EditorResources/S_Trigger.uasset" 230
"../../../Engine/Content/EngineResources/GradientTexture0.uasset" 231
"../../../Engine/Content/EngineResources/Black.uasset" 232
"../../../Engine/Content/EditorMaterials/MatineeGroups/MAT_Groups_Float.uasset" 233
"../../../Engine/Content/EditorMaterials/MatineeGroups/MAT_Groups_Director.uasset" 234
"../../../Engine/Content/EditorMaterials/MatineeGroups/MAT_Groups_Event.uasset" 235
"../../../Engine/Content/EditorMaterials/MatineeGroups/MAT_Groups_Anim.uasset" 236
"../../../Engine/Content/EditorMaterials/MatineeGroups/MAT_Groups_Fade.uasset" 237
"../../../Engine/Content/EditorMaterials/MatineeGroups/MAT_Groups_Move.uasset" 238
"../../../Engine/Content/EditorMaterials/MatineeGroups/MAT_Groups_Slomo.uasset" 239
"../../../Engine/Content/EditorMaterials/MatineeGroups/MAT_ColorTrack.uasset" 240
"../../../Engine/Content/EditorMaterials/MAT_Groups_Toggle.uasset" 241
"../../../Engine/Content/EditorMaterials/MatineeGroups/MAT_Groups_AudioMaster.uasset" 242
"../../../Engine/Content/EditorMaterials/MatineeGroups/MAT_Groups_Sound.uasset" 243
"../../../Engine/Content/EditorMaterials/MatineeGroups/MAT_Groups_Vector.uasset" 244
"../../../Engine/Content/EditorMaterials/MAT_Groups_Visibility.uasset" 245
"../../../Engine/Content/EngineResources/DefaultTextureCube.uasset" 246
"../../../Engine/Content/EngineMeshes/Cylinder.uasset" 247
"../../../Engine/Content/EngineTireTypes/DefaultTireType.uasset" 248
"../../../Engine/Content/EngineResources/AICON-Red.uasset" 249
"../../../Engine/Content/EngineResources/AICON-Green.uasset" 250
"../../../Engine/Content/Tutorial/Basics/LevelEditorAttract.uasset" 251
"../../../Engine/Content/Tutorial/ContentIntroCurve.uasset" 252
"../../../Engine/Plugins/2D/Paper2D/Content/MaskedUnlitSpriteMaterial.uasset" 253
"../../../Engine/Plugins/2D/Paper2D/Content/OpaqueUnlitSpriteMaterial.uasset" 254
"../../../Engine/Plugins/2D/Paper2D/Content/DummySprite.uasset" 255
"../../../Engine/Plugins/2D/Paper2D/Content/DefaultPaperTerrainMaterial.uasset" 256
"../../../Engine/Plugins/Runtime/LeapMotionController/Content/LM_CapsuleMesh.uasset" 257
"../../../Engine/Plugins/Runtime/LeapMotionController/Content/LM_TorusMesh.uasset" 258
"../../../Engine/Plugins/Runtime/LeapMotionController/Content/LM_HandColor.uasset" 259
"../../../Engine/Plugins/Runtime/LeapMotionController/Content/LM_SampleDistortion.uasset" 260
"../../../Engine/Plugins/Runtime/LeapMotionController/Content/LM_TestTexture.uasset" 261
"../../../Engine/Plugins/Runtime/LeapMotionController/Content/LM_PassthroughMaterial.uasset" 262
"../../../Engine/Content/BasicShapes/Cube.uasset" 263
"../../../Engine/Content/EngineMaterials/RemoveSurfaceMaterial.uasset" 264
"../../../Engine/Content/EngineDebugMaterials/DebugMeshMaterial.uasset" 265
"../../../Engine/Content/EngineMaterials/InvalidLightmapSettings.uasset" 266
"../../../Engine/Content/EngineMaterials/M_InvalidLightmapSettings.uasset" 267
"../../../Engine/Content/EditorMaterials/GizmoMaterial.uasset" 268
"../../../Engine/Content/EngineMaterials/DefaultBokeh.uasset" 269
"../../../Engine/Content/EngineMaterials/PreintegratedSkinBRDF.uasset" 270
"../../../Engine/Content/EngineMaterials/MiniFont.uasset" 271
"../../../Engine/Content/EngineMaterials/WeightMapPlaceholderTexture.uasset" 272
"../../../Engine/Content/EngineMaterials/DefaultWhiteGrid.uasset" 273
"../../../Engine/Content/EngineMaterials/DefaultPhysicalMaterial.uasset" 274
"../../../Engine/Content/EngineFonts/RobotoTiny.uasset" 275
"../../../CustomGravityProject/Content/Assets/PhysicalMaterials/PhysicsBall_PM.uasset" 276
"../../../Engine/Content/EngineMaterials/Grid.uasset" 277
"../../../CustomGravityProject/Content/Assets/Rolling/Materials/M_Blue_Checker.uasset" 278
"../../../CustomGravityProject/Content/Assets/Rolling/Meshes/BallMesh.uasset" 279
"../../../CustomGravityProject/Content/Blueprints/Pawns/PhysicsBallPawn_BP.uasset" 280
"../../../CustomGravityProject/Content/2DAssets/Character/Blank_Sprite.uasset" 281
"../../../CustomGravityProject/Content/2DAssets/Character/BlankSprite.uasset" 282
"../../../CustomGravityProject/Content/2DAssets/Character/Death/Death_10.uasset" 283
"../../../CustomGravityProject/Content/2DAssets/Character/Death/Death_10_Sprite.uasset" 284
"../../../CustomGravityProject/Content/2DAssets/Character/Death/Death_11.uasset" 285
"../../../CustomGravityProject/Content/2DAssets/Character/Death/Death_11_Sprite.uasset" 286
"../../../CustomGravityProject/Content/2DAssets/Character/Death/Death_12.uasset" 287
"../../../CustomGravityProject/Content/2DAssets/Character/Death/Death_12_Sprite.uasset" 288
"../../../CustomGravityProject/Content/2DAssets/Character/Death/Death_13.uasset" 289
"../../../CustomGravityProject/Content/2DAssets/Character/Death/Death_13_Sprite.uasset" 290
"../../../CustomGravityProject/Content/2DAssets/Character/Death/Death_14.uasset" 291
"../../../CustomGravityProject/Content/2DAssets/Character/Death/Death_14_Sprite.uasset" 292
"../../../CustomGravityProject/Content/2DAssets/Character/Death/Death_15.uasset" 293
"../../../CustomGravityProject/Content/2DAssets/Character/Death/Death_15_Sprite.uasset" 294
"../../../CustomGravityProject/Content/2DAssets/Character/Death/Death_16.uasset" 295
"../../../CustomGravityProject/Content/2DAssets/Character/Death/Death_16_Sprite.uasset" 296
"../../../CustomGravityProject/Content/2DAssets/Character/Death/Death_17.uasset" 297
"../../../CustomGravityProject/Content/2DAssets/Character/Death/Death_17_Sprite.uasset" 298
"../../../CustomGravityProject/Content/2DAssets/Character/Death/Death_18.uasset" 299
"../../../CustomGravityProject/Content/2DAssets/Character/Death/Death_18_Sprite.uasset" 300
"../../../CustomGravityProject/Content/2DAssets/Character/Death/Death_19.uasset" 301
"../../../CustomGravityProject/Content/2DAssets/Character/Death/Death_19_Sprite.uasset" 302
"../../../CustomGravityProject/Content/2DAssets/Character/Death/Death_1.uasset" 303
"../../../CustomGravityProject/Content/2DAssets/Character/Death/Death_1_Sprite.uasset" 304
"../../../CustomGravityProject/Content/2DAssets/Character/Death/Death_20.uasset" 305
"../../../CustomGravityProject/Content/2DAssets/Character/Death/Death_20_Sprite.uasset" 306
"../../../CustomGravityProject/Content/2DAssets/Character/Death/Death_21.uasset" 307
"../../../CustomGravityProject/Content/2DAssets/Character/Death/Death_21_Sprite.uasset" 308
"../../../CustomGravityProject/Content/2DAssets/Character/Death/Death_22.uasset" 309
"../../../CustomGravityProject/Content/2DAssets/Character/Death/Death_22_Sprite.uasset" 310
"../../../CustomGravityProject/Content/2DAssets/Character/Death/Death_23.uasset" 311
"../../../CustomGravityProject/Content/2DAssets/Character/Death/Death_23_Sprite.uasset" 312
"../../../CustomGravityProject/Content/2DAssets/Character/Death/Death_24.uasset" 313
"../../../CustomGravityProject/Content/2DAssets/Character/Death/Death_24_Sprite.uasset" 314
"../../../CustomGravityProject/Content/2DAssets/Character/Death/Death_25.uasset" 315
"../../../CustomGravityProject/Content/2DAssets/Character/Death/Death_25_Sprite.uasset" 316
"../../../CustomGravityProject/Content/2DAssets/Character/Death/Death_26.uasset" 317
"../../../CustomGravityProject/Content/2DAssets/Character/Death/Death_26_Sprite.uasset" 318
"../../../CustomGravityProject/Content/2DAssets/Character/Death/Death_27.uasset" 319
"../../../CustomGravityProject/Content/2DAssets/Character/Death/Death_27_Sprite.uasset" 320
"../../../CustomGravityProject/Content/2DAssets/Character/Death/Death_2.uasset" 321
"../../../CustomGravityProject/Content/2DAssets/Character/Death/Death_2_Sprite.uasset" 322
"../../../CustomGravityProject/Content/2DAssets/Character/Death/Death_3.uasset" 323
"../../../CustomGravityProject/Content/2DAssets/Character/Death/Death_3_Sprite.uasset" 324
"../../../CustomGravityProject/Content/2DAssets/Character/Death/Death_4.uasset" 325
"../../../CustomGravityProject/Content/2DAssets/Character/Death/Death_4_Sprite.uasset" 326
"../../../CustomGravityProject/Content/2DAssets/Character/Death/Death_5.uasset" 327
"../../../CustomGravityProject/Content/2DAssets/Character/Death/Death_5_Sprite.uasset" 328
"../../../CustomGravityProject/Content/2DAssets/Character/Death/Death_6.uasset" 329
"../../../CustomGravityProject/Content/2DAssets/Character/Death/Death_6_Sprite.uasset" 330
"../../../CustomGravityProject/Content/2DAssets/Character/Death/Death_7.uasset" 331
"../../../CustomGravityProject/Content/2DAssets/Character/Death/Death_7_Sprite.uasset" 332
"../../../CustomGravityProject/Content/2DAssets/Character/Death/Death_8.uasset" 333
"../../../CustomGravityProject/Content/2DAssets/Character/Death/Death_8_Sprite.uasset" 334
"../../../CustomGravityProject/Content/2DAssets/Character/Death/Death_9.uasset" 335
"../../../CustomGravityProject/Content/2DAssets/Character/Death/Death_9_Sprite.uasset" 336
"../../../CustomGravityProject/Content/2DAssets/Character/Death/Death.uasset" 337
"../../../Engine/Content/MobileResources/T_MobileMenu2.uasset" 338
"../../../Engine/Content/MobileResources/HUD/VirtualJoystick_Background.uasset" 339
"../../../Engine/Content/MobileResources/HUD/VirtualJoystick_Thumb.uasset" 340
"../../../Engine/Content/MobileResources/HUD/LeftVirtualJoystickOnly.uasset" 341
"../../../Engine/Content/MobileResources/HUD/AnalogHat.uasset" 342
"../../../Engine/Content/MobileResources/HUD/DefaultVirtualJoysticks.uasset" 343
"../../../Engine/Content/Functions/Engine_MaterialFunctions02/Texturing/ScreenAlignedPixelToPixelUVs.uasset" 344
"../../../Engine/Content/EngineMaterials/Good64x64TilingNoiseHighFreq.uasset" 345
"../../../Engine/Content/Functions/Engine_MaterialFunctions02/Utility/DitherTemporalAA.uasset" 346
"../../../CustomGravityProject/Content/Assets/Environment/Materials/M_Tree_Leaf_Base.uasset" 347
"../../../CustomGravityProject/Content/Assets/Environment/Materials/M_Tree_Leaf_Base_Inst.uasset" 348
"../../../CustomGravityProject/Content/Assets/Environment/Materials/M_Tree_Leaf_Base_Solid.uasset" 349
"../../../CustomGravityProject/Content/Assets/Environment/Materials/M_Tree_Leaf_Base_Solid_Inst.uasset" 350
"../../../CustomGravityProject/Content/Assets/Environment/Meshes/SM_Tree_Type_B_Leaves.uasset" 351
"../../../Engine/Content/EditorResources/EmptyActor.uasset" 352
"../../../CustomGravityProject/Content/Assets/ThirdPerson/Mannequin/Character/Mesh/SK_Mannequin_PhysicsAsset.uasset" 353
"../../../Engine/Content/MobileResources/HUD/MobileHUDDirectionPad2.uasset" 354
"../../../Engine/Content/MobileResources/HUD/MobileHUDButtonFire.uasset" 355
"../../../CustomGravityProject/Content/2DAssets/Character/Blank.uasset" 356
"../../../CustomGravityProject/Content/2DAssets/Character/Hurt.uasset" 357
"../../../Engine/Content/MobileResources/HUD/MobileHUDButton1_on.uasset" 358
"../../../CustomGravityProject/Content/2DAssets/Character/Spawn/Spawn_10.uasset" 359
"../../../CustomGravityProject/Content/2DAssets/Character/Spawn/Spawn_10_Sprite.uasset" 360
"../../../CustomGravityProject/Content/2DAssets/Character/Spawn/Spawn_11.uasset" 361
"../../../CustomGravityProject/Content/2DAssets/Character/Spawn/Spawn_11_Sprite.uasset" 362
"../../../CustomGravityProject/Content/2DAssets/Character/Spawn/Spawn_12.uasset" 363
"../../../CustomGravityProject/Content/2DAssets/Character/Spawn/Spawn_12_Sprite.uasset" 364
"../../../CustomGravityProject/Content/2DAssets/Character/Spawn/Spawn_13.uasset" 365
"../../../CustomGravityProject/Content/2DAssets/Character/Spawn/Spawn_13_Sprite.uasset" 366
"../../../CustomGravityProject/Content/2DAssets/Character/Spawn/Spawn_14.uasset" 367
"../../../CustomGravityProject/Content/2DAssets/Character/Spawn/Spawn_14_Sprite.uasset" 368
"../../../CustomGravityProject/Content/2DAssets/Character/Spawn/Spawn_15.uasset" 369
"../../../CustomGravityProject/Content/2DAssets/Character/Spawn/Spawn_15_Sprite.uasset" 370
"../../../CustomGravityProject/Content/2DAssets/Character/Spawn/Spawn_16.uasset" 371
"../../../CustomGravityProject/Content/2DAssets/Character/Spawn/Spawn_16_Sprite.uasset" 372
"../../../CustomGravityProject/Content/2DAssets/Character/Spawn/Spawn_17.uasset" 373
"../../../CustomGravityProject/Content/2DAssets/Character/Spawn/Spawn_17_Sprite.uasset" 374
"../../../CustomGravityProject/Content/2DAssets/Character/Spawn/Spawn_18.uasset" 375
"../../../CustomGravityProject/Content/2DAssets/Character/Spawn/Spawn_18_Sprite.uasset" 376
"../../../CustomGravityProject/Content/2DAssets/Character/Spawn/Spawn_19.uasset" 377
"../../../CustomGravityProject/Content/2DAssets/Character/Spawn/Spawn_19_Sprite.uasset" 378
"../../../CustomGravityProject/Content/2DAssets/Character/Spawn/Spawn_1.uasset" 379
"../../../CustomGravityProject/Content/2DAssets/Character/Spawn/Spawn_1_Sprite.uasset" 380
"../../../CustomGravityProject/Content/2DAssets/Character/Spawn/Spawn_20.uasset" 381
"../../../CustomGravityProject/Content/2DAssets/Character/Spawn/Spawn_20_Sprite.uasset" 382
"../../../CustomGravityProject/Content/2DAssets/Character/Spawn/Spawn_21.uasset" 383
"../../../CustomGravityProject/Content/2DAssets/Character/Spawn/Spawn_21_Sprite.uasset" 384
"../../../CustomGravityProject/Content/2DAssets/Character/Spawn/Spawn_22.uasset" 385
"../../../CustomGravityProject/Content/2DAssets/Character/Spawn/Spawn_22_Sprite.uasset" 386
"../../../CustomGravityProject/Content/2DAssets/Character/Spawn/Spawn_23.uasset" 387
"../../../CustomGravityProject/Content/2DAssets/Character/Spawn/Spawn_23_Sprite.uasset" 388
"../../../CustomGravityProject/Content/2DAssets/Character/Spawn/Spawn_24.uasset" 389
"../../../CustomGravityProject/Content/2DAssets/Character/Spawn/Spawn_24_Sprite.uasset" 390
"../../../CustomGravityProject/Content/2DAssets/Character/Spawn/Spawn_25.uasset" 391
"../../../CustomGravityProject/Content/2DAssets/Character/Spawn/Spawn_25_Sprite.uasset" 392
"../../../CustomGravityProject/Content/2DAssets/Character/Spawn/Spawn_26.uasset" 393
"../../../CustomGravityProject/Content/2DAssets/Character/Spawn/Spawn_26_Sprite.uasset" 394
"../../../CustomGravityProject/Content/2DAssets/Character/Spawn/Spawn_27.uasset" 395
"../../../CustomGravityProject/Content/2DAssets/Character/Spawn/Spawn_27_Sprite.uasset" 396
"../../../CustomGravityProject/Content/2DAssets/Character/Spawn/Spawn_28.uasset" 397
"../../../CustomGravityProject/Content/2DAssets/Character/Spawn/Spawn_28_Sprite.uasset" 398
"../../../CustomGravityProject/Content/2DAssets/Character/Spawn/Spawn_29.uasset" 399
"../../../CustomGravityProject/Content/2DAssets/Character/Spawn/Spawn_29_Sprite.uasset" 400
"../../../CustomGravityProject/Content/2DAssets/Character/Spawn/Spawn_2.uasset" 401
"../../../CustomGravityProject/Content/2DAssets/Character/Spawn/Spawn_2_Sprite.uasset" 402
"../../../CustomGravityProject/Content/2DAssets/Character/Spawn/Spawn_30.uasset" 403
"../../../CustomGravityProject/Content/2DAssets/Character/Spawn/Spawn_30_Sprite.uasset" 404
"../../../CustomGravityProject/Content/2DAssets/Character/Spawn/Spawn_31.uasset" 405
"../../../CustomGravityProject/Content/2DAssets/Character/Spawn/Spawn_31_Sprite.uasset" 406
"../../../CustomGravityProject/Content/2DAssets/Character/Spawn/Spawn_32.uasset" 407
"../../../CustomGravityProject/Content/2DAssets/Character/Spawn/Spawn_32_Sprite.uasset" 408
"../../../CustomGravityProject/Content/2DAssets/Character/Spawn/Spawn_3.uasset" 409
"../../../CustomGravityProject/Content/2DAssets/Character/Spawn/Spawn_3_Sprite.uasset" 410
"../../../CustomGravityProject/Content/2DAssets/Character/Spawn/Spawn_4.uasset" 411
"../../../CustomGravityProject/Content/2DAssets/Character/Spawn/Spawn_4_Sprite.uasset" 412
"../../../CustomGravityProject/Content/2DAssets/Character/Spawn/Spawn_5.uasset" 413
"../../../CustomGravityProject/Content/2DAssets/Character/Spawn/Spawn_5_Sprite.uasset" 414
"../../../CustomGravityProject/Content/2DAssets/Character/Spawn/Spawn_6.uasset" 415
"../../../CustomGravityProject/Content/2DAssets/Character/Spawn/Spawn_6_Sprite.uasset" 416
"../../../CustomGravityProject/Content/2DAssets/Character/Spawn/Spawn_7.uasset" 417
"../../../CustomGravityProject/Content/2DAssets/Character/Spawn/Spawn_7_Sprite.uasset" 418
"../../../CustomGravityProject/Content/2DAssets/Character/Spawn/Spawn_8.uasset" 419
"../../../CustomGravityProject/Content/2DAssets/Character/Spawn/Spawn_8_Sprite.uasset" 420
"../../../CustomGravityProject/Content/2DAssets/Character/Spawn/Spawn_9.uasset" 421
"../../../CustomGravityProject/Content/2DAssets/Character/Spawn/Spawn_9_Sprite.uasset" 422
"../../../CustomGravityProject/Content/2DAssets/Character/Spawn/Spawn.uasset" 423
"../../../CustomGravityProject/Content/2DAssets/Character/Fire/Fire_1.uasset" 424
"../../../CustomGravityProject/Content/2DAssets/Character/Fire/Fire_2.uasset" 425
"../../../CustomGravityProject/Content/2DAssets/Character/Fire/Fire_3.uasset" 426
"../../../CustomGravityProject/Content/2DAssets/Character/Fire/FireFlipbook.uasset" 427
"../../../CustomGravityProject/Content/2DAssets/Character/Fire/JumpFire_1.uasset" 428
"../../../CustomGravityProject/Content/2DAssets/Character/Fire/JumpFire_2.uasset" 429
"../../../CustomGravityProject/Content/2DAssets/Character/Fire/JumpFire_3.uasset" 430
"../../../CustomGravityProject/Content/2DAssets/Character/Fire/JumpFireFlipbook.uasset" 431
"../../../CustomGravityProject/Content/Assets/FirstPerson/Meshes/CubeMaterialOverride.uasset" 432
"../../../CustomGravityProject/Content/Assets/GravityDash/Textures/Crosshair_Texture.uasset" 433
"../../../CustomGravityProject/Content/Assets/GravityDash/Materials/Crosshair_Mat.uasset" 434
"../../../CustomGravityProject/Content/Assets/ThirdPerson/Mannequin/Animations/ThirdPersonJump_End.uasset" 435
"../../../CustomGravityProject/Content/Assets/Rolling/Materials/PM_Ball.uasset" 436
"../../../CustomGravityProject/Content/Assets/FirstPerson/FPWeapon/Materials/MaterialLayers/T_ML_FineRubber.uasset" 437
"../../../CustomGravityProject/Content/Assets/FirstPerson/FPWeapon/Materials/MaterialLayers/ML_Plastic_Shiny_Beige_LOGO.uasset" 438
"../../../CustomGravityProject/Content/2DAssets/Character/Jump/Jumping_1.uasset" 439
"../../../CustomGravityProject/Content/2DAssets/Character/Jump/Jumping_2.uasset" 440
"../../../CustomGravityProject/Content/2DAssets/Character/Jump/Jumping_3.uasset" 441
"../../../CustomGravityProject/Content/2DAssets/Character/Jump/Jumping_4.uasset" 442
"../../../CustomGravityProject/Content/2DAssets/Character/Jump/JumpingFlipbook.uasset" 443
"../../../Engine/Content/MobileResources/HUD/MobileHUDButton2_off.uasset" 444
"../../../CustomGravityProject/Content/Assets/Environment/Meshes/SM_Shape_Plane.uasset" 445
"../../../Engine/Content/Functions/Engine_MaterialFunctions01/Gradient/RadialGradient.uasset" 446
"../../../CustomGravityProject/Content/Assets/Environment/Textures/T_Bumpy_N.uasset" 447
"../../../CustomGravityProject/Content/Assets/Environment/Materials/M_Skybox_A.uasset" 448
"../../../CustomGravityProject/Content/Assets/Environment/Materials/M_Skybox_A_Inst.uasset" 449
"../../../CustomGravityProject/Content/Assets/Environment/Meshes/SM_SkyDome.uasset" 450
"../../../CustomGravityProject/Content/Assets/Environment/Materials/M_Stone_Path.uasset" 451
"../../../CustomGravityProject/Content/Assets/Environment/Materials/M_Stone_Path_Inst.uasset" 452
"../../../CustomGravityProject/Content/Assets/Environment/Meshes/SM_Stone_Path_B.uasset" 453
"../../../CustomGravityProject/Content/Assets/Environment/Materials/M_Tree_Type_B_Bark.uasset" 454
"../../../CustomGravityProject/Content/Assets/Environment/Materials/M_Tree_Type_B_Bark_Inst.uasset" 455
"../../../CustomGravityProject/Content/Assets/Environment/Meshes/SM_Tree_Type_B.uasset" 456
"../../../CustomGravityProject/Content/Assets/PhysicalMaterials/BallPawn_PM.uasset" 457
"../../../CustomGravityProject/Content/Assets/PhysicalMaterials/CharacterPawn_PM.uasset" 458
"../../../CustomGravityProject/Content/2DAssets/Character/Idles.uasset" 459
"../../../CustomGravityProject/Content/2DAssets/Character/StandingIdle_1.uasset" 460
"../../../CustomGravityProject/Content/2DAssets/Character/StandingIdle_2.uasset" 461
"../../../CustomGravityProject/Content/2DAssets/Character/StandingIdle_3.uasset" 462
"../../../CustomGravityProject/Content/2DAssets/Character/StandingIdle_4.uasset" 463
"../../../CustomGravityProject/Content/2DAssets/Character/StandingIdleFlipbook.uasset" 464
"../../../CustomGravityProject/Content/2DAssets/Character/Crawl/CrouchCrawl.uasset" 465
"../../../CustomGravityProject/Content/2DAssets/Character/Crawl/Crawl_1.uasset" 466
"../../../CustomGravityProject/Content/2DAssets/Character/Crawl/Crawl_2.uasset" 467
"../../../CustomGravityProject/Content/2DAssets/Character/Crawl/Crawl_3.uasset" 468
"../../../CustomGravityProject/Content/2DAssets/Character/Crawl/Crawl_4.uasset" 469
"../../../CustomGravityProject/Content/2DAssets/Character/Crawl/Crawl_5.uasset" 470
"../../../CustomGravityProject/Content/2DAssets/Character/Crawl/Crawl_6.uasset" 471
"../../../CustomGravityProject/Content/2DAssets/Character/Crawl/Crawl_7.uasset" 472
"../../../CustomGravityProject/Content/2DAssets/Character/Crawl/Crawl_8.uasset" 473
"../../../CustomGravityProject/Content/2DAssets/Character/Crawl/CrawlingFlipbook.uasset" 474
"../../../CustomGravityProject/Content/Assets/Environment/Textures/T_Grass_A.uasset" 475
"../../../CustomGravityProject/Content/Assets/Environment/Materials/M_Grass_Masked.uasset" 476
"../../../CustomGravityProject/Content/Assets/Environment/Materials/M_Grass_Masked_Water_A_Inst.uasset" 477
"../../../CustomGravityProject/Content/Assets/Environment/Meshes/SM_Water_Waves_A.uasset" 478
"../../../Engine/Content/Functions/Engine_MaterialFunctions01/ImageAdjustment/CheapContrast.uasset" 479
"../../../Engine/Content/Functions/Engine_MaterialFunctions01/Texturing/WorldAlignedTexture.uasset" 480
"../../../CustomGravityProject/Content/Assets/Environment/Textures/T_ShapeNormal.uasset" 481
"../../../CustomGravityProject/Content/Assets/Environment/Textures/T_Water_Waves_M.uasset" 482
"../../../CustomGravityProject/Content/Assets/Environment/Materials/M_Water_Waves.uasset" 483
"../../../CustomGravityProject/Content/Assets/Environment/Materials/M_Water_Waves_Inst.uasset" 484
"../../../CustomGravityProject/Content/Assets/Environment/Meshes/SM_Water_Waves.uasset" 485
"../../../CustomGravityProject/Content/Assets/Ball/Textures/Bloom_Mask.uasset" 486
"../../../CustomGravityProject/Content/Assets/Ball/Textures/Spec_Texture.uasset" 487
"../../../CustomGravityProject/Content/Assets/Ball/Textures/T_Tech_Hex_Tile_M.uasset" 488
"../../../CustomGravityProject/Content/Assets/Ball/Textures/T_Tech_Hex_Tile_N.uasset" 489
"../../../CustomGravityProject/Content/Assets/Ball/Textures/Tileable_eroded_scratch_metal_texture_background_03.uasset" 490
"../../../CustomGravityProject/Content/Assets/Ball/Materials/Ball_material.uasset" 491
"../../../CustomGravityProject/Content/Assets/Ball/Meshes/Ball_Mesh.uasset" 492
"../../../CustomGravityProject/Content/Blueprints/Pawns/ThirdPersonBall_BP.uasset" 493
"../../../CustomGravityProject/Content/Assets/Environment/Materials/M_Wood_Sheet_Fence_Inst.uasset" 494
"../../../CustomGravityProject/Content/Assets/Environment/Meshes/SM_Wood_Fence.uasset" 495
"../../../CustomGravityProject/Content/Assets/Environment/Meshes/SM_Water_Waves_B.uasset" 496
"../../../Engine/Content/MobileResources/HUD/MobileHUDDirectionPad.uasset" 497
"../../../Engine/Content/MobileResources/HUD/MobileHUDButton3.uasset" 498
"../../../Engine/Content/MobileResources/HUD/MobileHUDButton1_off.uasset" 499
"../../../Engine/Content/MobileResources/HUD/T_Castle_ThumbstickOutter.uasset" 500
"../../../Engine/Content/MobileResources/T_MobileControls_texture.uasset" 501
"../../../Engine/Content/MobileResources/HUD/T_Castle_ThumbstickInner.uasset" 502
"../../../Engine/Content/MobileResources/HUD/MobileHUDDirectionStick.uasset" 503
"../../../Engine/Content/EditorMaterials/PhAT_JointLimitMaterial.uasset" 504
"../../../Engine/Content/EditorMaterials/PreviewShadowIndicator.uasset" 505
"../../../Engine/Content/EditorMaterials/PreviewShadowIndicatorMaterial.uasset" 506
"../../../Engine/Content/EditorMeshes/ColorCalibrator/M_ChromeBall.uasset" 507
"../../../Engine/Content/EditorMeshes/ColorCalibrator/M_ClearCoat.uasset" 508
"../../../Engine/Content/EditorMeshes/ColorCalibrator/M_ClearCoatBlack.uasset" 509
"../../../Engine/Content/EditorMeshes/ColorCalibrator/T_ColorGrid.uasset" 510
"../../../Engine/Content/EditorMeshes/ColorCalibrator/M_ColorGrid.uasset" 511
"../../../Engine/Content/EditorMeshes/ColorCalibrator/M_GreyBall.uasset" 512
"../../../Engine/Content/EditorMeshes/ColorCalibrator/SM_ColorCalibrator.uasset" 513
"../../../Engine/Content/EditorResources/BSPVertex.uasset" 514
"../../../Engine/Content/EngineDebugMaterials/HeatmapGradient.uasset" 515
"../../../Engine/Content/EngineDebugMaterials/BoneWeightMaterial.uasset" 516
"../../../Engine/Content/EngineDebugMaterials/GeomMaterial.uasset" 517
"../../../Engine/Content/EngineMaterials/EditorBrushMaterial.uasset" 518
"../../../Engine/Content/MobileResources/HUD/MobileHUDButton2_on.uasset" 519
"../../../Engine/Content/MobileResources/HUD/MobileHUDDirectionPad3.uasset" 520
"../../../Engine/Content/Tutorial/Basics/TutorialAssets/icon_tab_Levels_40x.uasset" 521
"../../../Engine/Content/Tutorial/Basics/LevelEditorOverview.uasset" 522
"../../../Engine/Content/Tutorial/BlueprintTutorials/TutorialAssets/Blueprint_64x.uasset" 523
"../../../Engine/Content/Tutorial/BlueprintTutorials/BlueprintEditorTutorial.uasset" 524
"../../../Engine/Content/Tutorial/BlueprintTutorials/TutorialAssets/BlueprintInterface_64x.uasset" 525
"../../../Engine/Content/Tutorial/BlueprintTutorials/TutorialAssets/Tutorial_BP_Interface.uasset" 526
"../../../Engine/Content/Tutorial/BlueprintTutorials/BlueprintInterfacesEditorOverview.uasset" 527
"../../../Engine/Content/Tutorial/BlueprintTutorials/TutorialAssets/BlueprintMacroLibrary_64x.uasset" 528
"../../../Engine/Content/Tutorial/BlueprintTutorials/TutorialAssets/Tutorial_BP_MacroLib.uasset" 529
"../../../Engine/Content/Tutorial/BlueprintTutorials/BlueprintMacroLibrariesEditorOverview.uasset" 530
"../../../Engine/Content/Tutorial/BlueprintTutorials/LevelBlueprintEditorOverview.uasset" 531
"../../../Engine/Content/Tutorial/Foliage/TutorialAssets/Foliage.uasset" 532
"../../../Engine/Content/Tutorial/Foliage/Foliage_Settings_Tutorial.uasset" 533
"../../../Engine/Content/Tutorial/Foliage/Foliage_Using_The_Tool_Tutorial.uasset" 534
"../../../Engine/Content/Tutorial/Foliage/Foliage_Intro_Tutorial.uasset" 535
"../../../Engine/Content/Tutorial/Landscape/TutorialAssets/Landscape.uasset" 536
"../../../Engine/Content/Tutorial/Landscape/Landscape_Painting_Mode.uasset" 537
"../../../Engine/Content/Tutorial/Landscape/Landscape_Sculpt_Mode.uasset" 538
"../../../Engine/Content/Tutorial/Landscape/Landscape_Manage_Mode.uasset" 539
"../../../Engine/Content/Tutorial/Paper2D/TutorialAssets/Paper2DFlipbook_TutorialIcon.uasset" 540
"../../../Engine/Content/Tutorial/Paper2D/FlipbookEditorTutorial.uasset" 541
"../../../Engine/Content/Tutorial/Paper2D/TutorialAssets/Paper2DSprite_TutorialIcon.uasset" 542
"../../../Engine/Content/Tutorial/Paper2D/SpriteEditorTutorial.uasset" 543
"../../../Engine/Content/EditorMeshes/EditorCube.uasset" 544
"../../../Engine/Content/Tutorial/SubEditors/TutorialAssets/Tutorial_DM.uasset" 545
"../../../Engine/Content/Tutorial/SubEditors/DestructibleMeshEditorTutorial.uasset" 546
"../../../Engine/Content/Tutorial/SubEditors/TutorialAssets/TutorialMaterial.uasset" 547
"../../../Engine/Content/Tutorial/SubEditors/MaterialEditorTutorial.uasset" 548
"../../../Engine/Content/Tutorial/SubEditors/TutorialAssets/T_SmokeSubUV_8X8.uasset" 549
"../../../Engine/Content/Tutorial/SubEditors/TutorialAssets/T_soft_smoke.uasset" 550
"../../../Engine/Content/Tutorial/SubEditors/TutorialAssets/M_smoke_subUV_blackbody.uasset" 551
"../../../Engine/Content/Tutorial/SubEditors/TutorialAssets/TutorialParticleSystem.uasset" 552
"../../../Engine/Content/Tutorial/SubEditors/ParticleSystemEditorTutorial.uasset" 553
"../../../Engine/Content/Tutorial/SubEditors/TutorialAssets/icon_ShowSkeletalMeshes_40x.uasset" 554
"../../../Engine/Content/Tutorial/SubEditors/TutorialAssets/Character/TutorialTPP_Mat.uasset" 555
"../../../Engine/Content/Tutorial/SubEditors/TutorialAssets/Character/TutorialTPP_PhysicsAsset.uasset" 556
"../../../Engine/Content/Tutorial/SubEditors/TutorialAssets/Character/TutorialTPP.uasset" 557
"../../../Engine/Content/Tutorial/SubEditors/TutorialAssets/Character/TutorialTPP_Skeleton.uasset" 558
"../../../Engine/Content/Tutorial/SubEditors/TutorialAssets/Character/Tutorial_Idle.uasset" 559
"../../../Engine/Content/Tutorial/SubEditors/TutorialAssets/Character/Tutorial_Walk_Fwd.uasset" 560
"../../../Engine/Content/Tutorial/SubEditors/TutorialAssets/Character/NewBlendSpace1D.uasset" 561
"../../../Engine/Content/Tutorial/SubEditors/TutorialAssets/Character/TutorialCharacter.uasset" 562
"../../../Engine/Content/Tutorial/SubEditors/TutorialAssets/Character/TutorialTPP_AnimBlueprint.uasset" 563
"../../../Engine/Content/Tutorial/SubEditors/PersonaAnimBlueprintEditorWalkthrough.uasset" 564
"../../../Engine/Content/Tutorial/SubEditors/PersonaAnimEditorWalkthrough.uasset" 565
"../../../Engine/Content/EngineMeshes/Cube.uasset" 566
"../../../Engine/Content/Tutorial/SubEditors/StaticMeshEditorTutorial.uasset" 567
"../../../Engine/Content/Tutorial/SubEditors/TutorialAssets/icon_Editor_Preferences_General_40x.uasset" 568
"../../../CustomGravityProject/Content/2DAssets/Character/Blank_Sprite_Sprite.uasset" 569
"../../../CustomGravityProject/Content/2DAssets/Character/Idle/Crouch_1.uasset" 570
"../../../CustomGravityProject/Content/2DAssets/Character/Idle/Crouch_2.uasset" 571
"../../../CustomGravityProject/Content/2DAssets/Character/Idle/Crouch_3.uasset" 572
"../../../CustomGravityProject/Content/2DAssets/Character/Idle/Crouch_4.uasset" 573
"../../../CustomGravityProject/Content/2DAssets/Character/Idle/Crouch_5.uasset" 574
"../../../CustomGravityProject/Content/2DAssets/Character/Idle/Crouch_6.uasset" 575
"../../../CustomGravityProject/Content/2DAssets/Character/Idle/Crouch_7.uasset" 576
"../../../CustomGravityProject/Content/2DAssets/Character/Idle/Crouch_8.uasset" 577
"../../../CustomGravityProject/Content/2DAssets/Character/Idle/CrouchIdleFlipbook.uasset" 578
"../../../CustomGravityProject/Content/Assets/Environment/Materials/M_Bush_Clumps.uasset" 579
"../../../CustomGravityProject/Content/Assets/Environment/Textures/T_Bush_Squiggly.uasset" 580
"../../../CustomGravityProject/Content/Assets/Environment/Materials/M_Bush_Lines.uasset" 581
"../../../CustomGravityProject/Content/Assets/Environment/Meshes/SM_Bushes_Cluster_A.uasset" 582
"../../../CustomGravityProject/Content/Assets/Environment/Textures/T_StoneWall_A.uasset" 583
"../../../CustomGravityProject/Content/Assets/Environment/Materials/M_StoneWall_Master.uasset" 584
"../../../CustomGravityProject/Content/Assets/Environment/Materials/M_StoneWall_A_Inst.uasset" 585
"../../../CustomGravityProject/Content/Assets/Environment/Materials/M_StoneWall_FlatColor.uasset" 586
"../../../CustomGravityProject/Content/Assets/Environment/Materials/M_StoneWall_FlatColor_Inst2.uasset" 587
"../../../CustomGravityProject/Content/Assets/Environment/Meshes/SM_Castle_BlockRoof_A.uasset" 588
"../../../Engine/Content/Functions/Engine_MaterialFunctions02/ObjectLocalBounds.uasset" 589
"../../../Engine/Content/Functions/Engine_MaterialFunctions02/UVs/BoundingBoxBased_0-1_UVW.uasset" 590
"../../../CustomGravityProject/Content/Assets/Environment/Materials/Fake_Lighting_MPC.uasset" 591
"../../../CustomGravityProject/Content/Assets/Environment/Materials/M_cloud_Solid.uasset" 592
"../../../CustomGravityProject/Content/Assets/Environment/Meshes/SM_Clouds_A.uasset" 593
"../../../CustomGravityProject/Content/Assets/Environment/Materials/M_Flag_Waving.uasset" 594
"../../../CustomGravityProject/Content/Assets/Environment/Materials/M_Flag_Waving_Inst.uasset" 595
"../../../CustomGravityProject/Content/Assets/Environment/Meshes/SM_Flag.uasset" 596
"../../../CustomGravityProject/Content/Assets/Environment/Materials/M_Grass_Masked_D_Inst.uasset" 597
"../../../CustomGravityProject/Content/Assets/Environment/Meshes/SM_Grass_02.uasset" 598
"../../../CustomGravityProject/Content/Assets/Environment/Materials/M_Grass_Masked_B_Inst.uasset" 599
"../../../CustomGravityProject/Content/Assets/Environment/Meshes/SM_Grass_03.uasset" 600
"../../../CustomGravityProject/Content/Assets/Environment/Meshes/SM_Grass_03_B.uasset" 601
"../../../CustomGravityProject/Content/Assets/Environment/Materials/M_Grass_Masked_C_Inst.uasset" 602
"../../../CustomGravityProject/Content/Assets/Environment/Meshes/SM_Grass_04.uasset" 603
"../../../CustomGravityProject/Content/Assets/Environment/Materials/M_Grass_Masked_E_Inst.uasset" 604
"../../../CustomGravityProject/Content/Assets/Environment/Meshes/SM_Grass_05.uasset" 605
"../../../CustomGravityProject/Content/Assets/Environment/Textures/T_Mushroom_A.uasset" 606
"../../../CustomGravityProject/Content/Assets/Environment/Materials/M_Mushroom_A.uasset" 607
"../../../CustomGravityProject/Content/Assets/Environment/Materials/M_Mushroom_A_Inst.uasset" 608
"../../../CustomGravityProject/Content/Assets/Environment/Meshes/SM_Mushroom_A.uasset" 609
"../../../CustomGravityProject/Content/Assets/Environment/Meshes/SM_Shape_Cube.uasset" 610
"../../../CustomGravityProject/Content/Assets/FirstPerson/FPWeapon/Mesh/SK_FPGun_PhysicsAsset.uasset" 611
"../../../CustomGravityProject/Content/Assets/Geometry/Meshes/1M_Cube.uasset" 612
"../../../CustomGravityProject/Content/Assets/Geometry/Meshes/CubeMaterial.uasset" 613
"../../../CustomGravityProject/Content/Assets/ThirdPerson/Meshes/Bump_StaticMesh.uasset" 614
"../../../CustomGravityProject/Content/Assets/ThirdPerson/Meshes/LeftArm_StaticMesh.uasset" 615
"../../../CustomGravityProject/Content/Assets/ThirdPerson/Meshes/Linear_Stair_StaticMesh.uasset" 616
"../../../CustomGravityProject/Content/Assets/ThirdPerson/Meshes/RampMaterial.uasset" 617
"../../../CustomGravityProject/Content/Assets/ThirdPerson/Meshes/Ramp_StaticMesh.uasset" 618
"../../../CustomGravityProject/Content/Assets/ThirdPerson/Meshes/RightArm_StaticMesh.uasset" 619
"../../../CustomGravityProject/Content/Blueprints/GravityControl_GameMode.uasset" 620
"../../../CustomGravityProject/Content/Blueprints/NewGameMode.uasset" 621
