[2016.02.09-19.41.41:110][  0]Log file open, 02/09/16 19:41:41
[2016.02.09-19.41.41:110][  0]LogInit:Display: Running engine for game: CustomGravityProject
[2016.02.09-19.41.41:110][  0]LogPlatformFile: Not using cached read wrapper
[2016.02.09-19.41.41:110][  0]LogInit:Display: RandInit(1101143733) SRandInit(1101143738).
[2016.02.09-19.41.41:110][  0]LogTaskGraph: Started task graph with 4 named threads and 7 total threads.
[2016.02.09-19.41.41:110][  0]LogStats: Stats thread started at 0.096880
[2016.02.09-19.41.41:110][  0]LogInit: Version: 4.10.1-2791327+++depot+UE4-Releases+4.10
[2016.02.09-19.41.41:110][  0]LogInit: API Version: 2758231
[2016.02.09-19.41.41:110][  0]LogInit: Compiled (64-bit): Dec  4 2015 19:44:40
[2016.02.09-19.41.41:110][  0]LogInit: Compiled with Visual C++: 19.00.23026.00
[2016.02.09-19.41.41:110][  0]LogInit: Build Configuration: Development
[2016.02.09-19.41.41:110][  0]LogInit: Branch Name: ++depot+UE4-Releases+4.10
[2016.02.09-19.41.41:110][  0]LogInit: Command line:  
[2016.02.09-19.41.41:110][  0]LogInit: Base directory: C:/Program Files (x86)/Epic Games/4.10/Engine/Binaries/Win64/
[2016.02.09-19.41.41:110][  0]LogInit: Rocket: 1
[2016.02.09-19.41.41:120][  0]LogInit: Using libcurl 7.41.0
[2016.02.09-19.41.41:120][  0]LogInit:  - built for x86_64-pc-win32
[2016.02.09-19.41.41:120][  0]LogInit:  - supports SSL with WinSSL
[2016.02.09-19.41.41:120][  0]LogInit:  - other features:
[2016.02.09-19.41.41:120][  0]LogInit:      CURL_VERSION_SSL
[2016.02.09-19.41.41:120][  0]LogInit:      CURL_VERSION_IPV6
[2016.02.09-19.41.41:120][  0]LogInit:      CURL_VERSION_ASYNCHDNS
[2016.02.09-19.41.41:120][  0]LogInit:      CURL_VERSION_LARGEFILE
[2016.02.09-19.41.41:120][  0]LogInit:      CURL_VERSION_IDN
[2016.02.09-19.41.41:120][  0]LogInit:  CurlRequestOptions (configurable via config and command line):
[2016.02.09-19.41.41:120][  0]LogInit:  - bVerifyPeer = true  - Libcurl will verify peer certificate
[2016.02.09-19.41.41:120][  0]LogInit:  - bUseHttpProxy = false  - Libcurl will NOT use HTTP proxy
[2016.02.09-19.41.41:120][  0]LogInit:  - bDontReuseConnections = false  - Libcurl will reuse connections
[2016.02.09-19.41.41:120][  0]LogInit:  - CertBundlePath = nullptr  - Libcurl will use whatever was configured at build time.
[2016.02.09-19.41.41:131][  0]LogInit: Presizing for 0 objects not considered by GC, pre-allocating 0 bytes.
[2016.02.09-19.41.41:142][  0]LogInit: Object subsystem initialized
[2016.02.09-19.41.41:148][  0]LogInit: Selected Device Profile: [Windows]
[2016.02.09-19.41.41:148][  0]LogInit: Applying CVar settings loaded from the selected device profile: [Windows]
[2016.02.09-19.41.41:161][  0]LogInit: Computer: HP
[2016.02.09-19.41.41:161][  0]LogInit: User: pc
[2016.02.09-19.41.41:161][  0]LogInit: CPU Page size=4096, Cores=4
[2016.02.09-19.41.41:161][  0]LogInit: High frequency timer resolution =2.812451 MHz
[2016.02.09-19.41.41:161][  0]LogMemory: Memory total: Physical=8.0GB (8GB approx)
[2016.02.09-19.41.41:161][  0]LogMemory: Platform Memory Stats for Windows
[2016.02.09-19.41.41:161][  0]LogMemory: Process Physical Memory: 56.40 MB used, 56.40 MB peak
[2016.02.09-19.41.41:161][  0]LogMemory: Process Virtual Memory: 58.79 MB used, 58.79 MB peak
[2016.02.09-19.41.41:161][  0]LogMemory: Physical Memory: 2636.97 MB used, 8191.05 MB total
[2016.02.09-19.41.41:162][  0]LogMemory: Virtual Memory: 386.79 MB used, 134217728.00 MB total
[2016.02.09-19.41.41:204][  0]LogTextLocalizationManager: No translations for ('fr-FR') exist, falling back to 'en' for localization and internationalization data.
[2016.02.09-19.41.41:958][  0]LogD3D11RHI: Found D3D11 adapter 0: AMD Radeon R7 200 Series (Feature Level 11_0)
[2016.02.09-19.41.41:958][  0]LogD3D11RHI: Adapter has 1006MB of dedicated video memory, 0MB of dedicated system memory, and 4095MB of shared system memory, 2 output[s]
[2016.02.09-19.41.41:961][  0]LogD3D11RHI: Found D3D11 adapter 1: Microsoft Basic Render Driver (Feature Level 11_0)
[2016.02.09-19.41.41:961][  0]LogD3D11RHI: Adapter has 0MB of dedicated video memory, 0MB of dedicated system memory, and 4095MB of shared system memory, 0 output[s]
[2016.02.09-19.41.41:961][  0]LogD3D11RHI: Chosen D3D11 Adapter Id = 0
[2016.02.09-19.41.41:970][  0]LogD3D11RHI: !Direct3DDevice
[2016.02.09-19.41.41:970][  0]LogRHI: Texture pool is 704 MB (70% of 1006 MB)
[2016.02.09-19.41.41:979][  0]LogD3D11RHI: Async texture creation disabled: no driver support
[2016.02.09-19.41.41:991][  0]LogShaderCompilers: Guid format shader working directory is 0 characters bigger than the processId version (../../../../../../CGP/CustomGravityProject/Intermediate/Shaders/WorkingDirectory/12772/).
[2016.02.09-19.41.41:991][  0]LogShaderCompilers: Cleaned the shader compiler working directory 'C:/Users/pc/AppData/Local/Temp/UnrealShaderWorkingDir/2FC0281D4E2260CEF38D9A99AC820A55/'.
[2016.02.09-19.41.41:991][  0]LogShaderCompilers:Display: Using Local Shader Compiler.
[2016.02.09-19.41.43:340][  0]LogTemp:Display: Loaded TP AllDesktopTargetPlatform
[2016.02.09-19.41.43:349][  0]LogTemp:Display: Loaded TP WindowsClientTargetPlatform
[2016.02.09-19.41.43:357][  0]LogTemp:Display: Loaded TP WindowsNoEditorTargetPlatform
[2016.02.09-19.41.43:365][  0]LogTemp:Display: Loaded TP WindowsServerTargetPlatform
[2016.02.09-19.41.43:373][  0]LogTemp:Display: Loaded TP WindowsTargetPlatform
[2016.02.09-19.41.43:379][  0]LogTemp:Display: Loaded TP AndroidTargetPlatform
[2016.02.09-19.41.43:384][  0]LogTemp:Display: Loaded TP Android_ASTCTargetPlatform
[2016.02.09-19.41.43:389][  0]LogTemp:Display: Loaded TP Android_ATCTargetPlatform
[2016.02.09-19.41.43:394][  0]LogTemp:Display: Loaded TP Android_DXTTargetPlatform
[2016.02.09-19.41.43:400][  0]LogTemp:Display: Loaded TP Android_ETC1TargetPlatform
[2016.02.09-19.41.43:405][  0]LogTemp:Display: Loaded TP Android_ETC2TargetPlatform
[2016.02.09-19.41.43:416][  0]LogTemp:Display: Loaded TP Android_MultiTargetPlatform
[2016.02.09-19.41.43:416][  0]LogTemp:Display: Loaded TP Android_PVRTCTargetPlatform
[2016.02.09-19.41.43:417][  0]LogTemp:Display: Loaded TP HTML5TargetPlatform
[2016.02.09-19.41.43:438][  0]LogTemp:Display: Loaded TP IOSTargetPlatform
[2016.02.09-19.41.43:443][  0]LogTemp:Display: Loaded TP LinuxNoEditorTargetPlatform
[2016.02.09-19.41.43:448][  0]LogTemp:Display: Loaded TP LinuxServerTargetPlatform
[2016.02.09-19.41.43:453][  0]LogTemp:Display: Loaded TP LinuxTargetPlatform
[2016.02.09-19.41.43:453][  0]LogTargetPlatformManager:Display: Building Assets For Windows
[2016.02.09-19.41.43:587][  0]LogDerivedDataCache:Display: Max Cache Size: 512 MB
[2016.02.09-19.41.43:728][  0]LogDerivedDataCache: Loaded boot cache 0.14s 47MB C:/Users/pc/AppData/Local/UnrealEngine/4.10/DerivedDataCache/Boot.ddc.
[2016.02.09-19.41.43:728][  0]LogDerivedDataCache:Display: Loaded Boot cache: C:/Users/pc/AppData/Local/UnrealEngine/4.10/DerivedDataCache/Boot.ddc
[2016.02.09-19.41.43:729][  0]LogDerivedDataCache: FDerivedDataBackendGraph:  Pak pak cache file ../../../../../../CGP/CustomGravityProject/DerivedDataCache/DDC.ddp not found, will not use a pak cache.
[2016.02.09-19.41.43:729][  0]LogDerivedDataCache: Unable to find inner node Pak for hierarchical cache Hierarchy.
[2016.02.09-19.41.43:729][  0]LogDerivedDataCache: FDerivedDataBackendGraph:  CompressedPak pak cache file ../../../../../../CGP/CustomGravityProject/DerivedDataCache/Compressed.ddp not found, will not use a pak cache.
[2016.02.09-19.41.43:729][  0]LogDerivedDataCache: Unable to find inner node CompressedPak for hierarchical cache Hierarchy.
[2016.02.09-19.41.43:827][  0]LogDerivedDataCache:Display: Pak cache opened for reading ../../../Engine/DerivedDataCache/Compressed.ddp.
[2016.02.09-19.41.43:839][  0]LogDerivedDataCache: Using Local data cache path C:/Users/pc/AppData/Local/UnrealEngine/Common/DerivedDataCache: Writable
[2016.02.09-19.41.44:142][  0]LogInit: Selected Device Profile: [Windows]
[2016.02.09-19.41.44:147][  0]LogContentStreaming: Texture pool size is 0.000000MB
[2016.02.09-19.41.44:308][  0]LogMeshUtilities: No automatic mesh reduction module available
[2016.02.09-19.41.44:308][  0]LogMeshUtilities: No automatic mesh merging module available
[2016.02.09-19.41.44:721][  0]LogInit: WinSock: version 1.1 (2.2), MaxSocks=32767, MaxUdp=65467
[2016.02.09-19.41.45:914][  0]UdpMessaging: Initializing bridge on interface 0.0.0.0:0 to multicast group 230.0.0.1:6666.
[2016.02.09-19.41.45:990][  0]LogSkinnedMeshComp:Warning: GetSocketByName(): No SkeletalMesh for PawnMesh0
[2016.02.09-19.41.45:990][  0]LogActorComponent: UnregisterComponent: (/Script/CustomGravityPlugin.Default__PlanetActor:SphereCollision0) Not registered. Aborting.
[2016.02.09-19.41.46:065][  0]LogAssetRegistry: FAssetRegistry took 0.0111 seconds to start up
[2016.02.09-19.41.46:301][  0]SourceControl: Info Source control is disabled
[2016.02.09-19.41.46:302][  0]SourceControl: Info Source control is disabled
[2016.02.09-19.41.46:320][  0]SourceControl: Info Source control is disabled
[2016.02.09-19.41.46:337][  0]SourceControl: Info Source control is disabled
[2016.02.09-19.41.46:717][  0]LogObj: 28920 objects as part of root set at end of initial load.
[2016.02.09-19.41.46:717][  0]LogUObjectAllocator: 6212288 out of 0 bytes used by permanent object pool.
[2016.02.09-19.41.46:797][  0]LogEngine: Initializing Engine...
[2016.02.09-19.41.46:801][  0]LogHMD: Can't find Oculus library dev build: is proper Runtime installed? Version: 0.8.0.0
[2016.02.09-19.41.46:802][  0]LogHMD: SteamVR failed to initialize.  Err: 110
[2016.02.09-19.41.47:006][  0]LogAIModule: Creating AISystem for world NewWorld
[2016.02.09-19.41.47:021][  0]LogInit: XAudio2 using 'Haut-parleurs (VIA HD Audio)' : 2 channels at 48 kHz using 32 bits per sample (channel mask 0x3)
[2016.02.09-19.41.47:032][  0]LogInit: FAudioDevice initialized.
[2016.02.09-19.41.47:100][  0]LogDerivedDataCache: Saved boot cache 0.07s 47MB C:/Users/pc/AppData/Local/UnrealEngine/4.10/DerivedDataCache/Boot.ddc.
[2016.02.09-19.41.47:130][  0]LogInit: Texture streaming: Enabled
[2016.02.09-19.41.47:139][  0]LogAnalytics: Creating configured Analytics provider AnalyticsET
[2016.02.09-19.41.47:139][  0]LogAnalytics: [UEEditor.Rocket.Release] APIServer = http://et2.epicgames.com/ET2/. AppVersion = 4.10.1-2791327+++depot+UE4-Releases+4.10
[2016.02.09-19.41.47:139][  0]LogAnalytics: [UEEditor.Rocket.Release] SetUserId bf50673647c909c88957d6bc577a9ea1|a7e6f56e128c4ee7813b73bc37aa04f6|4fffc782-916c-40c1-87fb-90c59c0d8d99
[2016.02.09-19.41.47:140][  0]LogAnalytics: [UEEditor.Rocket.Release] AnalyticsET::StartSession
[2016.02.09-19.41.47:189][  0]LogInit: Transaction tracking system initialized
[2016.02.09-19.41.47:250][  0]BlueprintLog: New page: Editor Load
[2016.02.09-19.41.47:395][  0]LocalizationService: Info Localization service is disabled
[2016.02.09-19.41.47:617][  0]LogConsoleResponse:Display: 
[2016.02.09-19.41.47:793][  0]LogCook:Display: Done creating registry. It took  0.00s.
[2016.02.09-19.41.47:909][  0]LogFileCache: Scanning file cache for directory 'C:/CGP/CustomGravityProject/Content/' took 0.02s
[2016.02.09-19.41.47:909][  0]SourceControl: Info Source control is disabled
[2016.02.09-19.41.47:909][  0]Cmd: MAP LOAD FILE="../../../../../../CGP/CustomGravityProject/Content/Maps/SurfaceGravity_Map.umap" TEMPLATE=0 SHOWPROGRESS=1 FEATURELEVEL=3
[2016.02.09-19.41.47:910][  0]LightingResults: New page: Lighting Build
[2016.02.09-19.41.47:916][  0]MapCheck: New page: Map Check
[2016.02.09-19.41.47:916][  0]LightingResults: New page: Lighting Build
[2016.02.09-19.41.47:941][  0]LogParticles: Destroying 0 GPU particle simulations for FXSystem 0x0000022217ED0F40
[2016.02.09-19.41.48:761][  0]LogAIModule: Creating AISystem for world SurfaceGravity_Map
[2016.02.09-19.41.48:772][  0]LogEditorServer: Finished looking for orphan Actors (0.000 secs)
[2016.02.09-19.41.48:773][  0]Cmd: MAP CHECKDEP NOCLEARLOG
[2016.02.09-19.41.48:873][  0]MapCheck: Info Map check complete: 0 Error(s), 0 Warning(s), took 99.364ms to complete.
[2016.02.09-19.41.48:873][  0]LogFileHelpers: Loading map 'SurfaceGravity_Map' took 0.963
[2016.02.09-19.41.49:015][  0]LogCollectionManager: Loaded 0 collections in 0.003432 seconds
[2016.02.09-19.41.49:061][  0]LogFileCache: Scanning file cache for directory 'C:/CGP/CustomGravityProject/Saved/Collections/' took 0.01s
[2016.02.09-19.41.49:061][  0]LogFileCache: Scanning file cache for directory 'C:/CGP/CustomGravityProject/Content/Developers/pc/Collections/' took 0.01s
[2016.02.09-19.41.49:061][  0]LogFileCache: Scanning file cache for directory 'C:/CGP/CustomGravityProject/Content/Collections/' took 0.01s
[2016.02.09-19.41.49:061][  0]LogCollectionManager: Rebuilt the GUID cache for 0 collections in 0.000003 seconds
[2016.02.09-19.41.49:076][  0]LogContentBrowser: Native class hierarchy populated in 0.0144 seconds. Added 1903 classes and 345 folders.
[2016.02.09-19.41.49:089][  0]LogContentBrowser: Native class hierarchy updated for 'WidgetCarousel' in 0.0019 seconds. Added 0 classes and 0 folders.
[2016.02.09-19.41.49:168][  0]LogContentBrowser: Native class hierarchy updated for 'AddContentDialog' in 0.0018 seconds. Added 0 classes and 0 folders.
[2016.02.09-19.41.49:178][  0]LogContentBrowser: Native class hierarchy updated for 'SceneOutliner' in 0.0018 seconds. Added 1 classes and 2 folders.
[2016.02.09-19.41.49:264][  0]LogCrashTracker: Crashtracker disabled due to settings.
[2016.02.09-19.41.49:286][  0]LogUObjectGlobals:Warning: Failed to find object 'Class None.'
[2016.02.09-19.41.49:310][  0]LogLoad: Full Startup: 9.35 seconds (BP compile: 0.15 seconds)
[2016.02.09-19.41.49:324][  0]LogOcInput: Can't find Oculus library dev build: is proper Runtime installed? Version: 0.8.0.0
[2016.02.09-19.41.49:437][  0]LogContentStreaming: Texture pool size now 1000 MB
[2016.02.09-19.41.49:675][  0]LogRenderer: Reallocating scene render targets to support 1196x544 (Frame:2).
[2016.02.09-19.41.52:403][128]LogAssetRegistry: Asset discovery search completed in 6.3491 seconds
[2016.02.09-19.41.52:403][128]LogCollectionManager: Rebuilt the object cache for 0 collections in 0.000001 seconds (found 0 objects)
[2016.02.09-19.41.52:403][128]LogCollectionManager: Fixed up redirectors for 0 collections in 0.000045 seconds (updated 0 objects)
[2016.02.09-19.42.18:040][686]LogWindowsTextInputMethodSystem:Display: IME system now deactivated.
[2016.02.09-19.42.18:329][687]Cmd: QUIT_EDITOR
[2016.02.09-19.42.18:553][687]LogExit: Preparing to exit.
[2016.02.09-19.42.19:004][687]LogExit: Editor shut down
[2016.02.09-19.42.19:005][687]LogExit: Transaction tracking system shut down
[2016.02.09-19.42.19:008][687]LogParticles: Destroying 0 GPU particle simulations for FXSystem 0x00000222097F4D60
[2016.02.09-19.42.19:010][687]LogParticles: Destroying 0 GPU particle simulations for FXSystem 0x0000022220FF3420
[2016.02.09-19.42.19:219][687]LogExit: Object subsystem successfully closed.
[2016.02.09-19.42.19:240][687]LogD3D11RHI: Shutdown
[2016.02.09-19.42.19:240][687]LogD3D11RHI: CleanupD3DDevice
[2016.02.09-19.42.19:356][687]LogD3D11RHI: ~FD3D11DynamicRHI
[2016.02.09-19.42.19:383][687]LogModuleManager: Shutting down and abandoning module CrashTracker (200)
[2016.02.09-19.42.19:383][687]LogModuleManager: Shutting down and abandoning module SceneOutliner (199)
[2016.02.09-19.42.19:383][687]LogModuleManager: Shutting down and abandoning module SuperSearch (198)
[2016.02.09-19.42.19:383][687]LogModuleManager: Shutting down and abandoning module WidgetCarousel (197)
[2016.02.09-19.42.19:383][687]LogModuleManager: Shutting down and abandoning module AddContentDialog (196)
[2016.02.09-19.42.19:387][687]LogModuleManager: Shutting down and abandoning module EditorWidgets (195)
[2016.02.09-19.42.19:387][687]LogModuleManager: Shutting down and abandoning module CollectionManager (194)
[2016.02.09-19.42.19:387][687]LogModuleManager: Shutting down and abandoning module StatsViewer (193)
[2016.02.09-19.42.19:387][687]LogModuleManager: Shutting down and abandoning module FoliageEdit (192)
[2016.02.09-19.42.19:387][687]LogModuleManager: Shutting down and abandoning module LandscapeEditor (191)
[2016.02.09-19.42.19:387][687]LogModuleManager: Shutting down and abandoning module ActorPickerMode (190)
[2016.02.09-19.42.19:387][687]LogModuleManager: Shutting down and abandoning module GeometryMode (189)
[2016.02.09-19.42.19:387][687]LogModuleManager: Shutting down and abandoning module TextureAlignMode (188)
[2016.02.09-19.42.19:387][687]LogModuleManager: Shutting down and abandoning module BspMode (187)
[2016.02.09-19.42.19:387][687]LogModuleManager: Shutting down and abandoning module PlacementMode (186)
[2016.02.09-19.42.19:387][687]LogModuleManager: Shutting down and abandoning module AutomationWorker (185)
[2016.02.09-19.42.19:387][687]LogModuleManager: Shutting down and abandoning module CharacterAI (184)
[2016.02.09-19.42.19:387][687]LogModuleManager: Shutting down and abandoning module SmartSnapping (183)
[2016.02.09-19.42.19:387][687]LogModuleManager: Shutting down and abandoning module ViewportSnapping (182)
[2016.02.09-19.42.19:387][687]LogModuleManager: Shutting down and abandoning module LogVisualizer (181)
[2016.02.09-19.42.19:388][687]LogModuleManager: Shutting down and abandoning module GameProjectGeneration (180)
[2016.02.09-19.42.19:388][687]LogModuleManager: Shutting down and abandoning module IntroTutorials (179)
[2016.02.09-19.42.19:388][687]LogModuleManager: Shutting down and abandoning module EditorLiveStreaming (178)
[2016.02.09-19.42.19:388][687]LogModuleManager: Shutting down and abandoning module IOSPlatformEditor (177)
[2016.02.09-19.42.19:388][687]LogModuleManager: Shutting down and abandoning module HTML5PlatformEditor (176)
[2016.02.09-19.42.19:388][687]LogModuleManager: Shutting down and abandoning module AndroidDeviceDetection (175)
[2016.02.09-19.42.19:536][687]LogModuleManager: Shutting down and abandoning module AndroidPlatformEditor (174)
[2016.02.09-19.42.19:536][687]LogModuleManager: Shutting down and abandoning module IOSRuntimeSettings (173)
[2016.02.09-19.42.19:536][687]LogModuleManager: Shutting down and abandoning module AndroidRuntimeSettings (172)
[2016.02.09-19.42.19:536][687]LogModuleManager: Shutting down and abandoning module MergeActors (171)
[2016.02.09-19.42.19:536][687]LogModuleManager: Shutting down and abandoning module SizeMap (170)
[2016.02.09-19.42.19:536][687]LogModuleManager: Shutting down and abandoning module TreeMap (169)
[2016.02.09-19.42.19:536][687]LogModuleManager: Shutting down and abandoning module ReferenceViewer (168)
[2016.02.09-19.42.19:536][687]LogModuleManager: Shutting down and abandoning module LocalizationService (167)
[2016.02.09-19.42.19:536][687]LogModuleManager: Shutting down and abandoning module LocalizationDashboard (166)
[2016.02.09-19.42.19:536][687]LogModuleManager: Shutting down and abandoning module HardwareTargeting (165)
[2016.02.09-19.42.19:536][687]LogModuleManager: Shutting down and abandoning module DeviceProfileEditor (164)
[2016.02.09-19.42.19:536][687]LogModuleManager: Shutting down and abandoning module UndoHistory (163)
[2016.02.09-19.42.19:536][687]LogModuleManager: Shutting down and abandoning module GameplayTagsEditor (162)
[2016.02.09-19.42.19:536][687]LogModuleManager: Shutting down and abandoning module UserFeedback (161)
[2016.02.09-19.42.19:536][687]LogModuleManager: Shutting down and abandoning module XmlParser (160)
[2016.02.09-19.42.19:536][687]LogModuleManager: Shutting down and abandoning module Blutility (159)
[2016.02.09-19.42.19:536][687]LogModuleManager: Shutting down and abandoning module ProjectTargetPlatformEditor (158)
[2016.02.09-19.42.19:536][687]LogModuleManager: Shutting down and abandoning module ProjectSettingsViewer (157)
[2016.02.09-19.42.19:536][687]LogModuleManager: Shutting down and abandoning module InputBindingEditor (156)
[2016.02.09-19.42.19:536][687]LogModuleManager: Shutting down and abandoning module EditorSettingsViewer (155)
[2016.02.09-19.42.19:537][687]LogModuleManager: Shutting down and abandoning module SettingsEditor (154)
[2016.02.09-19.42.19:537][687]LogModuleManager: Shutting down and abandoning module ProjectLauncher (153)
[2016.02.09-19.42.19:537][687]LogModuleManager: Shutting down and abandoning module SessionFrontend (152)
[2016.02.09-19.42.19:537][687]LogModuleManager: Shutting down and abandoning module ProfilerClient (151)
[2016.02.09-19.42.19:537][687]LogModuleManager: Shutting down and abandoning module TargetDeviceServices (150)
[2016.02.09-19.42.19:537][687]LogModuleManager: Shutting down and abandoning module DeviceManager (149)
[2016.02.09-19.42.19:537][687]LogModuleManager: Shutting down and abandoning module AutomationController (148)
[2016.02.09-19.42.19:537][687]LogModuleManager: Shutting down and abandoning module AutomationWindow (147)
[2016.02.09-19.42.19:537][687]LogModuleManager: Shutting down and abandoning module Layers (146)
[2016.02.09-19.42.19:537][687]LogModuleManager: Shutting down and abandoning module ComponentVisualizers (145)
[2016.02.09-19.42.19:537][687]LogModuleManager: Shutting down and abandoning module DetailCustomizations (144)
[2016.02.09-19.42.19:537][687]LogModuleManager: Shutting down and abandoning module PackagesDialog (143)
[2016.02.09-19.42.19:537][687]LogModuleManager: Shutting down and abandoning module Persona (142)
[2016.02.09-19.42.19:537][687]LogModuleManager: Shutting down and abandoning module Kismet (141)
[2016.02.09-19.42.19:537][687]LogModuleManager: Shutting down and abandoning module GraphEditor (140)
[2016.02.09-19.42.19:537][687]LogModuleManager: Shutting down and abandoning module ClassViewer (139)
[2016.02.09-19.42.19:537][687]LogModuleManager: Shutting down and abandoning module Toolbox (138)
[2016.02.09-19.42.19:537][687]LogModuleManager: Shutting down and abandoning module ModuleUI (137)
[2016.02.09-19.42.19:537][687]LogModuleManager: Shutting down and abandoning module MovieSceneTools (136)
[2016.02.09-19.42.19:537][687]LogModuleManager: Shutting down and abandoning module OutputLog (135)
[2016.02.09-19.42.19:537][687]LogModuleManager: Shutting down and abandoning module GammaUI (134)
[2016.02.09-19.42.19:537][687]LogModuleManager: Shutting down and abandoning module Documentation (133)
[2016.02.09-19.42.19:537][687]LogModuleManager: Shutting down and abandoning module GameLiveStreaming (132)
[2016.02.09-19.42.19:537][687]LogModuleManager: Shutting down and abandoning module StreamingPauseRendering (131)
[2016.02.09-19.42.19:537][687]LogModuleManager: Shutting down and abandoning module AnalyticsET (130)
[2016.02.09-19.42.19:537][687]LogModuleManager: Shutting down and abandoning module Analytics (129)
[2016.02.09-19.42.19:537][687]LogModuleManager: Shutting down and abandoning module AITestSuite (128)
[2016.02.09-19.42.19:537][687]LogModuleManager: Shutting down and abandoning module GameplayDebugger (127)
[2016.02.09-19.42.19:537][687]LogModuleManager: Shutting down and abandoning module AIModule (126)
[2016.02.09-19.42.19:537][687]LogModuleManager: Shutting down and abandoning module ProfilerService (125)
[2016.02.09-19.42.19:739][687]LogModuleManager: Shutting down and abandoning module TaskGraph (124)
[2016.02.09-19.42.19:739][687]LogModuleManager: Shutting down and abandoning module SlateRemote (123)
[2016.02.09-19.42.19:739][687]LogModuleManager: Shutting down and abandoning module SteamVRController (122)
[2016.02.09-19.42.19:740][687]LogModuleManager: Shutting down and abandoning module SteamVR (121)
[2016.02.09-19.42.19:740][687]LogModuleManager: Shutting down and abandoning module ProceduralMeshComponent (120)
[2016.02.09-19.42.19:740][687]LogModuleManager: Shutting down and abandoning module OculusLibrary (119)
[2016.02.09-19.42.19:740][687]LogModuleManager: Shutting down and abandoning module OculusInput (118)
[2016.02.09-19.42.19:740][687]LogModuleManager: Shutting down and abandoning module LeapMotionController (117)
[2016.02.09-19.42.19:758][687]LogModuleManager: Shutting down and abandoning module CustomMeshComponent (116)
[2016.02.09-19.42.19:758][687]LogModuleManager: Shutting down and abandoning module CableComponent (115)
[2016.02.09-19.42.19:758][687]LogModuleManager: Shutting down and abandoning module ArchVisCharacter (114)
[2016.02.09-19.42.19:758][687]LogModuleManager: Shutting down and abandoning module MessagingDebugger (113)
[2016.02.09-19.42.19:758][687]LogModuleManager: Shutting down and abandoning module MediaPlayerEditor (112)
[2016.02.09-19.42.19:758][687]LogModuleManager: Shutting down and abandoning module HTML5Networking (111)
[2016.02.09-19.42.19:758][687]LogModuleManager: Shutting down and abandoning module SpeedTreeImporter (110)
[2016.02.09-19.42.19:758][687]LogModuleManager: Shutting down and abandoning module PluginBrowser (109)
[2016.02.09-19.42.19:758][687]LogModuleManager: Shutting down and abandoning module EpicSurvey (108)
[2016.02.09-19.42.19:758][687]LogModuleManager: Shutting down and abandoning module DesktopPlatform (107)
[2016.02.09-19.42.19:758][687]LogModuleManager: Shutting down and abandoning module VisualStudioSourceCodeAccess (106)
[2016.02.09-19.42.19:758][687]LogModuleManager: Shutting down and abandoning module UObjectPlugin (105)
[2016.02.09-19.42.19:758][687]LogModuleManager: Shutting down and abandoning module SubversionSourceControl (104)
[2016.02.09-19.42.19:759][687]LogModuleManager: Shutting down and abandoning module PerforceSourceControl (103)
[2016.02.09-19.42.19:759][687]LogModuleManager: Shutting down and abandoning module SourceControl (102)
[2016.02.09-19.42.19:759][687]LogModuleManager: Shutting down and abandoning module GitSourceControl (101)
[2016.02.09-19.42.19:759][687]LogModuleManager: Shutting down and abandoning module LightPropagationVolumeEditor (100)
[2016.02.09-19.42.19:759][687]LogModuleManager: Shutting down and abandoning module PaperTiledImporter (99)
[2016.02.09-19.42.19:759][687]LogModuleManager: Shutting down and abandoning module PaperSpriteSheetImporter (98)
[2016.02.09-19.42.19:759][687]LogModuleManager: Shutting down and abandoning module MeshPaint (97)
[2016.02.09-19.42.19:759][687]LogModuleManager: Shutting down and abandoning module SlateReflector (96)
[2016.02.09-19.42.19:759][687]LogModuleManager: Shutting down and abandoning module HotReload (95)
[2016.02.09-19.42.19:759][687]LogModuleManager: Shutting down and abandoning module MainFrame (94)
[2016.02.09-19.42.19:759][687]LogModuleManager: Shutting down and abandoning module LevelEditor (93)
[2016.02.09-19.42.19:760][687]LogModuleManager: Shutting down and abandoning module DirectoryWatcher (92)
[2016.02.09-19.42.19:762][687]LogModuleManager: Shutting down and abandoning module AssetRegistry (91)
[2016.02.09-19.42.19:862][687]LogModuleManager: Shutting down and abandoning module ContentBrowser (90)
[2016.02.09-19.42.19:864][687]LogModuleManager: Shutting down and abandoning module Paper2DEditor (89)
[2016.02.09-19.42.19:864][687]LogModuleManager: Shutting down and abandoning module CustomGravityProject (88)
[2016.02.09-19.42.19:864][687]LogModuleManager: Shutting down and abandoning module CustomGravityPlugin (87)
[2016.02.09-19.42.19:864][687]LogModuleManager: Shutting down and abandoning module UdpMessaging (86)
[2016.02.09-19.42.19:964][687]LogModuleManager: Shutting down and abandoning module LightPropagationVolumeRuntime (85)
[2016.02.09-19.42.19:964][687]LogModuleManager: Shutting down and abandoning module Paper2D (84)
[2016.02.09-19.42.19:964][687]LogModuleManager: Shutting down and abandoning module WindowsMoviePlayer (83)
[2016.02.09-19.42.19:969][687]LogModuleManager: Shutting down and abandoning module Media (82)
[2016.02.09-19.42.19:969][687]LogModuleManager: Shutting down and abandoning module WmfMedia (81)
[2016.02.09-19.42.19:969][687]LogModuleManager: Shutting down and abandoning module OnlineBlueprintSupport (80)
[2016.02.09-19.42.19:969][687]LogModuleManager: Shutting down and abandoning module GameplayTasksEditor (79)
[2016.02.09-19.42.19:969][687]LogModuleManager: Shutting down and abandoning module PropertyEditor (78)
[2016.02.09-19.42.19:970][687]LogModuleManager: Shutting down and abandoning module BehaviorTreeEditor (77)
[2016.02.09-19.42.19:970][687]LogModuleManager: Shutting down and abandoning module FunctionalTesting (76)
[2016.02.09-19.42.19:970][687]LogModuleManager: Shutting down and abandoning module CollisionAnalyzer (75)
[2016.02.09-19.42.19:970][687]LogModuleManager: Shutting down and abandoning module WorkspaceMenuStructure (74)
[2016.02.09-19.42.19:970][687]LogModuleManager: Shutting down and abandoning module MessageLog (73)
[2016.02.09-19.42.19:970][687]LogModuleManager: Shutting down and abandoning module Sequencer (72)
[2016.02.09-19.42.19:970][687]LogModuleManager: Shutting down and abandoning module AssetTools (71)
[2016.02.09-19.42.19:970][687]LogModuleManager: Shutting down and abandoning module UMGEditor (70)
[2016.02.09-19.42.19:970][687]LogModuleManager: Shutting down and abandoning module UMG (69)
[2016.02.09-19.42.19:970][687]LogModuleManager: Shutting down and abandoning module Slate (68)
[2016.02.09-19.42.19:970][687]LogModuleManager: Shutting down and abandoning module EditorStyle (67)
[2016.02.09-19.42.19:973][687]LogModuleManager: Shutting down and abandoning module SessionServices (66)
[2016.02.09-19.42.19:973][687]LogModuleManager: Shutting down and abandoning module SourceCodeAccess (65)
[2016.02.09-19.42.19:973][687]LogModuleManager: Shutting down and abandoning module HeadMountedDisplay (64)
[2016.02.09-19.42.19:973][687]LogModuleManager: Shutting down and abandoning module XAudio2 (63)
[2016.02.09-19.42.19:973][687]LogModuleManager: Shutting down and abandoning module Networking (61)
[2016.02.09-19.42.19:973][687]LogModuleManager: Shutting down and abandoning module Core (60)
[2016.02.09-19.42.19:973][687]LogModuleManager: Shutting down and abandoning module KismetCompiler (59)
[2016.02.09-19.42.19:973][687]LogModuleManager: Shutting down and abandoning module PhysXFormats (58)
[2016.02.09-19.42.19:973][687]LogModuleManager: Shutting down and abandoning module MeshUtilities (57)
[2016.02.09-19.42.19:973][687]LogModuleManager: Shutting down and abandoning module DerivedDataCache (56)
[2016.02.09-19.42.20:366][687]LogDerivedDataCache: Shutdown
[2016.02.09-19.42.20:366][687]LogModuleManager: Shutting down and abandoning module ShaderFormatOpenGL (55)
[2016.02.09-19.42.20:366][687]LogModuleManager: Shutting down and abandoning module ShaderFormatD3D (54)
[2016.02.09-19.42.20:366][687]LogModuleManager: Shutting down and abandoning module MetalShaderFormat (53)
[2016.02.09-19.42.20:366][687]LogModuleManager: Shutting down and abandoning module TextureFormatUncompressed (52)
[2016.02.09-19.42.20:366][687]LogModuleManager: Shutting down and abandoning module TextureFormatPVR (51)
[2016.02.09-19.42.20:366][687]LogModuleManager: Shutting down and abandoning module TextureFormatIntelISPCTexComp (50)
[2016.02.09-19.42.20:366][687]LogModuleManager: Shutting down and abandoning module TextureFormatDXT (49)
[2016.02.09-19.42.20:366][687]LogModuleManager: Shutting down and abandoning module ImageWrapper (48)
[2016.02.09-19.42.20:366][687]LogModuleManager: Shutting down and abandoning module TextureFormatASTC (47)
[2016.02.09-19.42.20:366][687]LogModuleManager: Shutting down and abandoning module TextureFormatAndroid (46)
[2016.02.09-19.42.20:366][687]LogModuleManager: Shutting down and abandoning module AudioFormatOpus (45)
[2016.02.09-19.42.20:366][687]LogModuleManager: Shutting down and abandoning module AudioFormatOgg (44)
[2016.02.09-19.42.20:366][687]LogModuleManager: Shutting down and abandoning module AudioFormatADPCM (43)
[2016.02.09-19.42.20:366][687]LogModuleManager: Shutting down and abandoning module LinuxTargetPlatform (42)
[2016.02.09-19.42.20:366][687]LogModuleManager: Shutting down and abandoning module LinuxServerTargetPlatform (41)
[2016.02.09-19.42.20:366][687]LogModuleManager: Shutting down and abandoning module LinuxNoEditorTargetPlatform (40)
[2016.02.09-19.42.20:367][687]LogModuleManager: Shutting down and abandoning module Messaging (39)
[2016.02.09-19.42.20:367][687]LogModuleManager: Shutting down and abandoning module IOSTargetPlatform (38)
[2016.02.09-19.42.20:367][687]LogModuleManager: Shutting down and abandoning module HTML5TargetPlatform (37)
[2016.02.09-19.42.20:367][687]LogModuleManager: Shutting down and abandoning module Android_PVRTCTargetPlatform (36)
[2016.02.09-19.42.20:367][687]LogModuleManager: Shutting down and abandoning module Android_MultiTargetPlatform (35)
[2016.02.09-19.42.20:367][687]LogModuleManager: Shutting down and abandoning module Android_ETC2TargetPlatform (34)
[2016.02.09-19.42.20:367][687]LogModuleManager: Shutting down and abandoning module Android_ETC1TargetPlatform (33)
[2016.02.09-19.42.20:367][687]LogModuleManager: Shutting down and abandoning module Android_DXTTargetPlatform (32)
[2016.02.09-19.42.20:367][687]LogModuleManager: Shutting down and abandoning module Android_ATCTargetPlatform (31)
[2016.02.09-19.42.20:367][687]LogModuleManager: Shutting down and abandoning module Android_ASTCTargetPlatform (30)
[2016.02.09-19.42.20:367][687]LogModuleManager: Shutting down and abandoning module AndroidTargetPlatform (29)
[2016.02.09-19.42.20:367][687]LogModuleManager: Shutting down and abandoning module WindowsTargetPlatform (28)
[2016.02.09-19.42.20:367][687]LogModuleManager: Shutting down and abandoning module WindowsServerTargetPlatform (27)
[2016.02.09-19.42.20:367][687]LogModuleManager: Shutting down and abandoning module WindowsNoEditorTargetPlatform (26)
[2016.02.09-19.42.20:367][687]LogModuleManager: Shutting down and abandoning module WindowsClientTargetPlatform (25)
[2016.02.09-19.42.20:367][687]LogModuleManager: Shutting down and abandoning module AllDesktopTargetPlatform (24)
[2016.02.09-19.42.20:367][687]LogModuleManager: Shutting down and abandoning module TargetPlatform (23)
[2016.02.09-19.42.20:367][687]LogModuleManager: Shutting down and abandoning module InputCore (22)
[2016.02.09-19.42.20:367][687]LogModuleManager: Shutting down and abandoning module Settings (21)
[2016.02.09-19.42.20:367][687]LogModuleManager: Shutting down and abandoning module OnlineSubsystem (19)
[2016.02.09-19.42.20:367][687]LogModuleManager: Shutting down and abandoning module HTTP (18)
[2016.02.09-19.42.21:368][687]LogModuleManager: Shutting down and abandoning module XMPP (17)
[2016.02.09-19.42.21:368][687]LogModuleManager: Shutting down and abandoning module OculusRift (16)
[2016.02.09-19.42.21:369][687]LogModuleManager: Shutting down and abandoning module ExampleDeviceProfileSelector (15)
[2016.02.09-19.42.21:369][687]LogModuleManager: Shutting down and abandoning module TextureCompressor (14)
[2016.02.09-19.42.21:369][687]LogModuleManager: Shutting down and abandoning module ShaderCore (13)
[2016.02.09-19.42.21:369][687]LogModuleManager: Shutting down and abandoning module Landscape (12)
[2016.02.09-19.42.21:369][687]LogModuleManager: Shutting down and abandoning module SlateRHIRenderer (11)
[2016.02.09-19.42.21:370][687]LogModuleManager: Shutting down and abandoning module OpenGLDrv (10)
[2016.02.09-19.42.21:370][687]LogModuleManager: Shutting down and abandoning module D3D11RHI (9)
[2016.02.09-19.42.21:371][687]LogModuleManager: Shutting down and abandoning module AnimGraphRuntime (8)
[2016.02.09-19.42.21:371][687]LogModuleManager: Shutting down and abandoning module Renderer (7)
[2016.02.09-19.42.21:371][687]LogModuleManager: Shutting down and abandoning module Engine (6)
[2016.02.09-19.42.21:371][687]LogModuleManager: Shutting down and abandoning module CoreUObject (5)
[2016.02.09-19.42.21:371][687]LogModuleManager: Shutting down and abandoning module NetworkFile (4)
[2016.02.09-19.42.21:371][687]LogModuleManager: Shutting down and abandoning module StreamingFile (3)
[2016.02.09-19.42.21:371][687]LogModuleManager: Shutting down and abandoning module SandboxFile (2)
[2016.02.09-19.42.21:371][687]LogModuleManager: Shutting down and abandoning module PakFile (1)
[2016.02.09-19.42.21:373][687]LogExit: Exiting.
[2016.02.09-19.42.21:393][687]Log file closed, 02/09/16 19:42:21
